[13:55:36] [main/INFO] [LaunchWrapper]: Loading tweak class name net.minecraftforge.fml.common.launcher.FMLTweaker
[13:55:36] [main/INFO] [LaunchWrapper]: Using primary tweak class name net.minecraftforge.fml.common.launcher.FMLTweaker
[13:55:36] [main/INFO] [LaunchWrapper]: Calling tweak class net.minecraftforge.fml.common.launcher.FMLTweaker
[13:55:36] [main/DEBUG] [FML]: Injecting tracing printstreams for STDOUT/STDERR.
[13:55:36] [main/INFO] [FML]: Forge Mod Loader version 14.23.5.2860 for Minecraft 1.12.2 loading
[13:55:36] [main/INFO] [FML]: Java is OpenJDK 64-Bit Server VM, version 1.8.0_242, running on Mac OS X:x86_64:10.16, installed at /Users/tristanpoland/Library/Application Support/gdlauncher_next/java/8u242-b08
[13:55:36] [main/DEBUG] [FML]: Java classpath at launch is:
[13:55:36] [main/DEBUG] [FML]:     /Users/tristanpoland/Library/Application Support/gdlauncher_next/datastore/libraries/net/minecraftforge/forge/1.12.2-14.23.5.2860/forge-1.12.2-14.23.5.2860.jar
[13:55:36] [main/DEBUG] [FML]:     /Users/tristanpoland/Library/Application Support/gdlauncher_next/datastore/libraries/org/ow2/asm/asm-debug-all/5.2/asm-debug-all-5.2.jar
[13:55:36] [main/DEBUG] [FML]:     /Users/tristanpoland/Library/Application Support/gdlauncher_next/datastore/libraries/net/minecraft/launchwrapper/1.12/launchwrapper-1.12.jar
[13:55:36] [main/DEBUG] [FML]:     /Users/tristanpoland/Library/Application Support/gdlauncher_next/datastore/libraries/org/jline/jline/3.5.1/jline-3.5.1.jar
[13:55:36] [main/DEBUG] [FML]:     /Users/tristanpoland/Library/Application Support/gdlauncher_next/datastore/libraries/com/typesafe/akka/akka-actor_2.11/2.3.3/akka-actor_2.11-2.3.3.jar
[13:55:36] [main/DEBUG] [FML]:     /Users/tristanpoland/Library/Application Support/gdlauncher_next/datastore/libraries/com/typesafe/config/1.2.1/config-1.2.1.jar
[13:55:36] [main/DEBUG] [FML]:     /Users/tristanpoland/Library/Application Support/gdlauncher_next/datastore/libraries/org/scala-lang/scala-actors-migration_2.11/1.1.0/scala-actors-migration_2.11-1.1.0.jar
[13:55:36] [main/DEBUG] [FML]:     /Users/tristanpoland/Library/Application Support/gdlauncher_next/datastore/libraries/org/scala-lang/scala-compiler/2.11.1/scala-compiler-2.11.1.jar
[13:55:36] [main/DEBUG] [FML]:     /Users/tristanpoland/Library/Application Support/gdlauncher_next/datastore/libraries/org/scala-lang/plugins/scala-continuations-library_2.11/1.0.2_mc/scala-continuations-library_2.11-1.0.2_mc.jar
[13:55:36] [main/DEBUG] [FML]:     /Users/tristanpoland/Library/Application Support/gdlauncher_next/datastore/libraries/org/scala-lang/plugins/scala-continuations-plugin_2.11.1/1.0.2_mc/scala-continuations-plugin_2.11.1-1.0.2_mc.jar
[13:55:36] [main/DEBUG] [FML]:     /Users/tristanpoland/Library/Application Support/gdlauncher_next/datastore/libraries/org/scala-lang/scala-library/2.11.1/scala-library-2.11.1.jar
[13:55:36] [main/DEBUG] [FML]:     /Users/tristanpoland/Library/Application Support/gdlauncher_next/datastore/libraries/org/scala-lang/scala-parser-combinators_2.11/1.0.1/scala-parser-combinators_2.11-1.0.1.jar
[13:55:36] [main/DEBUG] [FML]:     /Users/tristanpoland/Library/Application Support/gdlauncher_next/datastore/libraries/org/scala-lang/scala-reflect/2.11.1/scala-reflect-2.11.1.jar
[13:55:36] [main/DEBUG] [FML]:     /Users/tristanpoland/Library/Application Support/gdlauncher_next/datastore/libraries/org/scala-lang/scala-swing_2.11/1.0.1/scala-swing_2.11-1.0.1.jar
[13:55:36] [main/DEBUG] [FML]:     /Users/tristanpoland/Library/Application Support/gdlauncher_next/datastore/libraries/org/scala-lang/scala-xml_2.11/1.0.2/scala-xml_2.11-1.0.2.jar
[13:55:36] [main/DEBUG] [FML]:     /Users/tristanpoland/Library/Application Support/gdlauncher_next/datastore/libraries/lzma/lzma/0.0.1/lzma-0.0.1.jar
[13:55:36] [main/DEBUG] [FML]:     /Users/tristanpoland/Library/Application Support/gdlauncher_next/datastore/libraries/java3d/vecmath/1.5.2/vecmath-1.5.2.jar
[13:55:36] [main/DEBUG] [FML]:     /Users/tristanpoland/Library/Application Support/gdlauncher_next/datastore/libraries/net/sf/trove4j/trove4j/3.0.3/trove4j-3.0.3.jar
[13:55:36] [main/DEBUG] [FML]:     /Users/tristanpoland/Library/Application Support/gdlauncher_next/datastore/libraries/org/apache/maven/maven-artifact/3.5.3/maven-artifact-3.5.3.jar
[13:55:36] [main/DEBUG] [FML]:     /Users/tristanpoland/Library/Application Support/gdlauncher_next/datastore/libraries/net/sf/jopt-simple/jopt-simple/5.0.3/jopt-simple-5.0.3.jar
[13:55:36] [main/DEBUG] [FML]:     /Users/tristanpoland/Library/Application Support/gdlauncher_next/datastore/libraries/org/apache/logging/log4j/log4j-api/2.15.0/log4j-api-2.15.0.jar
[13:55:36] [main/DEBUG] [FML]:     /Users/tristanpoland/Library/Application Support/gdlauncher_next/datastore/libraries/org/apache/logging/log4j/log4j-core/2.15.0/log4j-core-2.15.0.jar
[13:55:36] [main/DEBUG] [FML]:     /Users/tristanpoland/Library/Application Support/gdlauncher_next/datastore/libraries/com/mojang/patchy/1.1/patchy-1.1.jar
[13:55:36] [main/DEBUG] [FML]:     /Users/tristanpoland/Library/Application Support/gdlauncher_next/datastore/libraries/oshi-project/oshi-core/1.1/oshi-core-1.1.jar
[13:55:36] [main/DEBUG] [FML]:     /Users/tristanpoland/Library/Application Support/gdlauncher_next/datastore/libraries/net/java/dev/jna/jna/4.4.0/jna-4.4.0.jar
[13:55:36] [main/DEBUG] [FML]:     /Users/tristanpoland/Library/Application Support/gdlauncher_next/datastore/libraries/net/java/dev/jna/platform/3.4.0/platform-3.4.0.jar
[13:55:36] [main/DEBUG] [FML]:     /Users/tristanpoland/Library/Application Support/gdlauncher_next/datastore/libraries/com/ibm/icu/icu4j-core-mojang/51.2/icu4j-core-mojang-51.2.jar
[13:55:36] [main/DEBUG] [FML]:     /Users/tristanpoland/Library/Application Support/gdlauncher_next/datastore/libraries/com/paulscode/codecjorbis/20101023/codecjorbis-20101023.jar
[13:55:36] [main/DEBUG] [FML]:     /Users/tristanpoland/Library/Application Support/gdlauncher_next/datastore/libraries/com/paulscode/codecwav/20101023/codecwav-20101023.jar
[13:55:36] [main/DEBUG] [FML]:     /Users/tristanpoland/Library/Application Support/gdlauncher_next/datastore/libraries/com/paulscode/libraryjavasound/20101123/libraryjavasound-20101123.jar
[13:55:36] [main/DEBUG] [FML]:     /Users/tristanpoland/Library/Application Support/gdlauncher_next/datastore/libraries/com/paulscode/librarylwjglopenal/20100824/librarylwjglopenal-20100824.jar
[13:55:36] [main/DEBUG] [FML]:     /Users/tristanpoland/Library/Application Support/gdlauncher_next/datastore/libraries/com/paulscode/soundsystem/20120107/soundsystem-20120107.jar
[13:55:36] [main/DEBUG] [FML]:     /Users/tristanpoland/Library/Application Support/gdlauncher_next/datastore/libraries/io/netty/netty-all/4.1.9.Final/netty-all-4.1.9.Final.jar
[13:55:36] [main/DEBUG] [FML]:     /Users/tristanpoland/Library/Application Support/gdlauncher_next/datastore/libraries/com/google/guava/guava/21.0/guava-21.0.jar
[13:55:36] [main/DEBUG] [FML]:     /Users/tristanpoland/Library/Application Support/gdlauncher_next/datastore/libraries/org/apache/commons/commons-lang3/3.5/commons-lang3-3.5.jar
[13:55:36] [main/DEBUG] [FML]:     /Users/tristanpoland/Library/Application Support/gdlauncher_next/datastore/libraries/commons-io/commons-io/2.5/commons-io-2.5.jar
[13:55:36] [main/DEBUG] [FML]:     /Users/tristanpoland/Library/Application Support/gdlauncher_next/datastore/libraries/commons-codec/commons-codec/1.10/commons-codec-1.10.jar
[13:55:36] [main/DEBUG] [FML]:     /Users/tristanpoland/Library/Application Support/gdlauncher_next/datastore/libraries/net/java/jinput/jinput/2.0.5/jinput-2.0.5.jar
[13:55:36] [main/DEBUG] [FML]:     /Users/tristanpoland/Library/Application Support/gdlauncher_next/datastore/libraries/net/java/jutils/jutils/1.0.0/jutils-1.0.0.jar
[13:55:36] [main/DEBUG] [FML]:     /Users/tristanpoland/Library/Application Support/gdlauncher_next/datastore/libraries/com/google/code/gson/gson/2.8.0/gson-2.8.0.jar
[13:55:36] [main/DEBUG] [FML]:     /Users/tristanpoland/Library/Application Support/gdlauncher_next/datastore/libraries/com/mojang/authlib/1.5.25/authlib-1.5.25.jar
[13:55:36] [main/DEBUG] [FML]:     /Users/tristanpoland/Library/Application Support/gdlauncher_next/datastore/libraries/com/mojang/realms/1.10.22/realms-1.10.22.jar
[13:55:36] [main/DEBUG] [FML]:     /Users/tristanpoland/Library/Application Support/gdlauncher_next/datastore/libraries/org/apache/commons/commons-compress/1.8.1/commons-compress-1.8.1.jar
[13:55:36] [main/DEBUG] [FML]:     /Users/tristanpoland/Library/Application Support/gdlauncher_next/datastore/libraries/org/apache/httpcomponents/httpclient/4.3.3/httpclient-4.3.3.jar
[13:55:36] [main/DEBUG] [FML]:     /Users/tristanpoland/Library/Application Support/gdlauncher_next/datastore/libraries/commons-logging/commons-logging/1.1.3/commons-logging-1.1.3.jar
[13:55:36] [main/DEBUG] [FML]:     /Users/tristanpoland/Library/Application Support/gdlauncher_next/datastore/libraries/org/apache/httpcomponents/httpcore/4.3.2/httpcore-4.3.2.jar
[13:55:36] [main/DEBUG] [FML]:     /Users/tristanpoland/Library/Application Support/gdlauncher_next/datastore/libraries/it/unimi/dsi/fastutil/7.1.0/fastutil-7.1.0.jar
[13:55:36] [main/DEBUG] [FML]:     /Users/tristanpoland/Library/Application Support/gdlauncher_next/datastore/libraries/org/apache/logging/log4j/log4j-api/2.8.1/log4j-api-2.8.1.jar
[13:55:36] [main/DEBUG] [FML]:     /Users/tristanpoland/Library/Application Support/gdlauncher_next/datastore/libraries/org/apache/logging/log4j/log4j-core/2.8.1/log4j-core-2.8.1.jar
[13:55:36] [main/DEBUG] [FML]:     /Users/tristanpoland/Library/Application Support/gdlauncher_next/datastore/libraries/org/lwjgl/lwjgl/lwjgl/2.9.2-nightly-20140822/lwjgl-2.9.2-nightly-20140822.jar
[13:55:36] [main/DEBUG] [FML]:     /Users/tristanpoland/Library/Application Support/gdlauncher_next/datastore/libraries/org/lwjgl/lwjgl/lwjgl_util/2.9.2-nightly-20140822/lwjgl_util-2.9.2-nightly-20140822.jar
[13:55:36] [main/DEBUG] [FML]:     /Users/tristanpoland/Library/Application Support/gdlauncher_next/datastore/libraries/com/mojang/text2speech/1.10.3/text2speech-1.10.3.jar
[13:55:36] [main/DEBUG] [FML]:     /Users/tristanpoland/Library/Application Support/gdlauncher_next/datastore/libraries/ca/weblite/java-objc-bridge/1.0.0/java-objc-bridge-1.0.0.jar
[13:55:36] [main/DEBUG] [FML]:     /Users/tristanpoland/Library/Application Support/gdlauncher_next/datastore/libraries/net/minecraft/1.12.2.jar
[13:55:36] [main/DEBUG] [FML]: Java library path at launch is:
[13:55:36] [main/DEBUG] [FML]:     /Users/tristanpoland/Library/Application Support/gdlauncher_next/instances/Cruel-World-Survival-Cruel-World-War/natives
[13:55:36] [main/DEBUG] [FML]: Determined Minecraft Libraries Root: /Users/tristanpoland/Library/Application Support/gdlauncher_next/datastore/libraries
[13:55:36] [main/DEBUG] [FML]: Cleaning up mods folder: /Users/tristanpoland/Library/Application Support/gdlauncher_next/instances/Cruel-World-Survival-Cruel-World-War/mods
[13:55:36] [main/DEBUG] [FML]: Examining file: ImmersiveCables-1.12.2-1.3.2.jar
[13:55:36] [main/DEBUG] [FML]: Examining file: Wawla-1.12.2-2.6.275.jar
[13:55:36] [main/DEBUG] [FML]: Examining file: CreativeCore_v1.10.65_mc1.12.2.jar
[13:55:36] [main/DEBUG] [FML]: Examining file: LoadingScreens-1.12.2-0.3.1.jar
[13:55:36] [main/DEBUG] [FML]: Examining file: Simple Parts-Content Pack-1.12.2-5.7.2.jar
[13:55:36] [main/DEBUG] [FML]: Examining file: BiomesOPlenty-1.12.2-7.0.1.2441-universal.jar
[13:55:36] [main/DEBUG] [FML]: Examining file: immersivepetroleum-1.12.2-1.1.10.jar
[13:55:36] [main/DEBUG] [FML]: Examining file: LittleFrames_v1.0.10_mc1.12.2.jar
[13:55:36] [main/DEBUG] [FML]: Examining file: OptiFine_1.12.2_HD_U_G5.jar
[13:55:36] [main/DEBUG] [FML]: Examining file: BNBGamingLib-1.12.2-2.17.6.jar
[13:55:36] [main/DEBUG] [FML]: Examining file: DynamicTrees-1.12.2-0.9.25.jar
[13:55:36] [main/DEBUG] [FML]: Examining file: movingworld-1.12-6.353-full.jar
[13:55:36] [main/DEBUG] [FML]: Examining file: LittleTiles_v1.5.34_mc1.12.2.jar
[13:55:36] [main/DEBUG] [FML]: Examining file: worldedit-wanditems-v1.1-mc1.12.2.jar
[13:55:36] [main/DEBUG] [FML]: Examining file: EnderCore-1.12.2-0.5.76.jar
[13:55:36] [main/DEBUG] [FML]: Found existing ContainedDep META-INF/libraries/EnderCore-1.12.2-0.5.76-core.jar(com.enderio.core:EnderCore:1.12.2-0.5.76:core) from /Users/tristanpoland/Library/Application Support/gdlauncher_next/instances/Cruel-World-Survival-Cruel-World-War/mods/memory_repo/com/enderio/core/EnderCore/1.12.2-0.5.76/EnderCore-1.12.2-0.5.76-core.jar extracted to /Users/tristanpoland/Library/Application Support/gdlauncher_next/instances/Cruel-World-Survival-Cruel-World-War/mods/EnderCore-1.12.2-0.5.76.jar, skipping extraction
[13:55:36] [main/DEBUG] [FML]: Examining file: EnderCore-1.12.2-0.5.76-core.jar
[13:55:36] [main/DEBUG] [FML]: Examining file: WorldEdit-CUI-FE3-1.12.2-3.0.9.jar
[13:55:36] [main/DEBUG] [FML]: Examining file: TConstruct-1.12.2-2.13.0.183.jar
[13:55:36] [main/DEBUG] [FML]: Examining file: Mantle-1.12-1.3.3.55.jar
[13:55:36] [main/DEBUG] [FML]: Examining file: _MixinBootstrap-1.1.0.jar
[13:55:36] [main/DEBUG] [FML]: Examining file: blockcraftery-1.12.2-1.3.1.jar
[13:55:36] [main/DEBUG] [FML]: Examining file: DynamicTreesTinkersConstruct-1.12.2-1.2.7.jar
[13:55:36] [main/DEBUG] [FML]: Examining file: XaerosWorldMap_1.18.0_Forge_1.12.jar
[13:55:36] [main/DEBUG] [FML]: Examining file: konkrete_1.3.0_MC_1.12-1.12.2.jar
[13:55:36] [main/DEBUG] [FML]: Examining file: Modern Warfare-Content Pack-1.12.2-5.8.2.jar
[13:55:36] [main/DEBUG] [FML]: Examining file: [1.12.2] SecurityCraft v1.8.23.2.jar
[13:55:36] [main/DEBUG] [FML]: Examining file: mysticallib-1.12.2-1.13.0.jar
[13:55:36] [main/DEBUG] [FML]: Examining file: BetterQuesting-3.5.329.jar
[13:55:36] [main/DEBUG] [FML]: Examining file: worldedit-forge-mc1.12.2-6.1.10-dist.jar
[13:55:36] [main/DEBUG] [FML]: Examining file: AppliedIntegrations-1.12.2-e2884e6f.jar
[13:55:36] [main/DEBUG] [FML]: Examining file: fancymenu_2.3.5_MC_1.12-1.12.2.jar
[13:55:36] [main/DEBUG] [FML]: Examining file: MCTImmersiveTechnology-1.12.2-1.9.99.jar
[13:55:36] [main/DEBUG] [FML]: Examining file: StandardExpansion-3.4.173.jar
[13:55:36] [main/DEBUG] [FML]: Examining file: DynamicTreesBOP-1.12.2-1.5.1.jar
[13:55:36] [main/DEBUG] [FML]: Examining file: ImmersiveEngineering-0.12-98.jar
[13:55:36] [main/DEBUG] [FML]: Extracting ContainedDep META-INF/libraries/ImmersiveEngineering-0.12-98-core.jar(blusunrize:ImmersiveEngineering-core:0.12-98) from /Users/tristanpoland/Library/Application Support/gdlauncher_next/instances/Cruel-World-Survival-Cruel-World-War/mods/ImmersiveEngineering-0.12-98.jar to /Users/tristanpoland/Library/Application Support/gdlauncher_next/instances/Cruel-World-Survival-Cruel-World-War/mods/memory_repo/blusunrize/ImmersiveEngineering-core/0.12-98/ImmersiveEngineering-core-0.12-98.jar
[13:55:36] [main/DEBUG] [FML]: Extracted ContainedDep META-INF/libraries/ImmersiveEngineering-0.12-98-core.jar(blusunrize:ImmersiveEngineering-core:0.12-98) from /Users/tristanpoland/Library/Application Support/gdlauncher_next/instances/Cruel-World-Survival-Cruel-World-War/mods/ImmersiveEngineering-0.12-98.jar to /Users/tristanpoland/Library/Application Support/gdlauncher_next/instances/Cruel-World-Survival-Cruel-World-War/mods/memory_repo/blusunrize/ImmersiveEngineering-core/0.12-98/ImmersiveEngineering-core-0.12-98.jar
[13:55:36] [main/DEBUG] [FML]: Examining file: ImmersiveEngineering-core-0.12-98.jar
[13:55:36] [main/DEBUG] [FML]: Making maven link for blusunrize:ImmersiveEngineering:0.12-98 in memory to /Users/tristanpoland/Library/Application Support/gdlauncher_next/instances/Cruel-World-Survival-Cruel-World-War/mods/ImmersiveEngineering-0.12-98.jar.
[13:55:36] [main/DEBUG] [FML]: Examining file: EnderIO-1.12.2-5.3.70.jar
[13:55:36] [main/DEBUG] [FML]: Found existing ContainedDep META-INF/libraries/AutoSave-1.12.2-1.0.11.jar(info.loenwind.autosave:AutoSave:1.12.2-1.0.11) from /Users/tristanpoland/Library/Application Support/gdlauncher_next/instances/Cruel-World-Survival-Cruel-World-War/mods/memory_repo/info/loenwind/autosave/AutoSave/1.12.2-1.0.11/AutoSave-1.12.2-1.0.11.jar extracted to /Users/tristanpoland/Library/Application Support/gdlauncher_next/instances/Cruel-World-Survival-Cruel-World-War/mods/EnderIO-1.12.2-5.3.70.jar, skipping extraction
[13:55:36] [main/DEBUG] [FML]: Examining file: AutoSave-1.12.2-1.0.11.jar
[13:55:36] [main/DEBUG] [FML]: Found existing ContainedDep META-INF/libraries/AutoConfig-1.12.2-1.0.2.jar(info.loenwind.autoconfig:AutoConfig:1.12.2-1.0.2) from /Users/tristanpoland/Library/Application Support/gdlauncher_next/instances/Cruel-World-Survival-Cruel-World-War/mods/memory_repo/info/loenwind/autoconfig/AutoConfig/1.12.2-1.0.2/AutoConfig-1.12.2-1.0.2.jar extracted to /Users/tristanpoland/Library/Application Support/gdlauncher_next/instances/Cruel-World-Survival-Cruel-World-War/mods/EnderIO-1.12.2-5.3.70.jar, skipping extraction
[13:55:36] [main/DEBUG] [FML]: Examining file: AutoConfig-1.12.2-1.0.2.jar
[13:55:36] [main/DEBUG] [FML]: Examining file: Xaeros_Minimap_21.20.0_Forge_1.12.jar
[13:55:36] [main/DEBUG] [FML]: Examining file: appliedenergistics2-rv6-stable-7.jar
[13:55:36] [main/DEBUG] [FML]: Examining file: ImmersivePosts-0.2.1.jar
[13:55:36] [main/DEBUG] [FML]: Examining file: BetterFps-1.4.8.jar
[13:55:36] [main/DEBUG] [FML]: Examining file: betterhud-1.12.2-1.4.4.jar
[13:55:36] [main/DEBUG] [FML]: Examining file: CodeChickenLib-1.12.2-3.2.3.358-universal.jar
[13:55:36] [main/DEBUG] [FML]: Examining file: Flan's Mod-1.12.2-5.10.0.jar
[13:55:36] [main/DEBUG] [FML]: Examining file: UndergroundBiomesConstructs-1.12-1.3.8.jar
[13:55:36] [main/DEBUG] [FML]: Examining file: particleculling-1.12.2-v1.2.jar
[13:55:36] [main/DEBUG] [FML]: Examining file: davincisvessels-1.12-6.340-full.jar
[13:55:36] [main/DEBUG] [FML]: Examining file: jei_1.12.2-4.16.1.301.jar
[13:55:36] [main/DEBUG] [FML]: Examining file: DiscordCraft-2.0.jar
[13:55:36] [main/DEBUG] [FML]: Examining file: EnderStorage-1.12.2-2.4.6.137-universal.jar
[13:55:36] [main/DEBUG] [FML]: Examining file: Hwyla-1.8.26-B41_1.12.2.jar
[13:55:36] [main/DEBUG] [FML]: Examining file: EntityCulling-1.12.2-4.1.5.jar
[13:55:36] [main/DEBUG] [FML]: File already proccessed /Users/tristanpoland/Library/Application Support/gdlauncher_next/instances/Cruel-World-Survival-Cruel-World-War/mods/memory_repo/com/enderio/core/EnderCore/1.12.2-0.5.76/EnderCore-1.12.2-0.5.76-core.jar, Skipping
[13:55:36] [main/DEBUG] [FML]: File already proccessed /Users/tristanpoland/Library/Application Support/gdlauncher_next/instances/Cruel-World-Survival-Cruel-World-War/mods/memory_repo/blusunrize/ImmersiveEngineering-core/0.12-98/ImmersiveEngineering-core-0.12-98.jar, Skipping
[13:55:36] [main/DEBUG] [FML]: File already proccessed /Users/tristanpoland/Library/Application Support/gdlauncher_next/instances/Cruel-World-Survival-Cruel-World-War/mods/ImmersiveEngineering-0.12-98.jar, Skipping
[13:55:36] [main/DEBUG] [FML]: File already proccessed /Users/tristanpoland/Library/Application Support/gdlauncher_next/instances/Cruel-World-Survival-Cruel-World-War/mods/memory_repo/info/loenwind/autosave/AutoSave/1.12.2-1.0.11/AutoSave-1.12.2-1.0.11.jar, Skipping
[13:55:36] [main/DEBUG] [FML]: File already proccessed /Users/tristanpoland/Library/Application Support/gdlauncher_next/instances/Cruel-World-Survival-Cruel-World-War/mods/memory_repo/info/loenwind/autoconfig/AutoConfig/1.12.2-1.0.2/AutoConfig-1.12.2-1.0.2.jar, Skipping
[13:55:36] [main/DEBUG] [FML]: Enabling runtime deobfuscation
[13:55:36] [main/DEBUG] [FML]: Instantiating coremod class FMLCorePlugin
[13:55:36] [main/DEBUG] [FML]: Found signing certificates for coremod FMLCorePlugin (net.minecraftforge.fml.relauncher.FMLCorePlugin)
[13:55:36] [main/DEBUG] [FML]: Found certificate e3c3d50c7c986df74c645c0ac54639741c90a557
[13:55:36] [main/DEBUG] [FML]: Added access transformer class net.minecraftforge.fml.common.asm.transformers.AccessTransformer to enqueued access transformers
[13:55:36] [main/DEBUG] [FML]: Enqueued coremod FMLCorePlugin
[13:55:36] [main/DEBUG] [FML]: Instantiating coremod class FMLForgePlugin
[13:55:36] [main/DEBUG] [FML]: Found signing certificates for coremod FMLForgePlugin (net.minecraftforge.classloading.FMLForgePlugin)
[13:55:36] [main/DEBUG] [FML]: Found certificate e3c3d50c7c986df74c645c0ac54639741c90a557
[13:55:36] [main/DEBUG] [FML]: Enqueued coremod FMLForgePlugin
[13:55:36] [main/DEBUG] [FML]: All fundamental core mods are successfully located
[13:55:36] [main/DEBUG] [FML]: Discovering coremods
[13:55:36] [main/INFO] [FML]: Searching /Users/tristanpoland/Library/Application Support/gdlauncher_next/instances/Cruel-World-Survival-Cruel-World-War/mods for mods
[13:55:36] [main/DEBUG] [FML]:   Adding ImmersiveCables-1.12.2-1.3.2.jar to the mod list
[13:55:36] [main/DEBUG] [FML]:   Adding Wawla-1.12.2-2.6.275.jar to the mod list
[13:55:36] [main/DEBUG] [FML]:   Adding CreativeCore_v1.10.65_mc1.12.2.jar to the mod list
[13:55:36] [main/DEBUG] [FML]:   Adding LoadingScreens-1.12.2-0.3.1.jar to the mod list
[13:55:36] [main/DEBUG] [FML]:   Adding Simple Parts-Content Pack-1.12.2-5.7.2.jar to the mod list
[13:55:36] [main/DEBUG] [FML]:   Adding BiomesOPlenty-1.12.2-7.0.1.2441-universal.jar to the mod list
[13:55:36] [main/DEBUG] [FML]:   Adding immersivepetroleum-1.12.2-1.1.10.jar to the mod list
[13:55:36] [main/DEBUG] [FML]:   Adding LittleFrames_v1.0.10_mc1.12.2.jar to the mod list
[13:55:36] [main/DEBUG] [FML]:   Adding OptiFine_1.12.2_HD_U_G5.jar to the mod list
[13:55:36] [main/DEBUG] [FML]:   Adding BNBGamingLib-1.12.2-2.17.6.jar to the mod list
[13:55:36] [main/DEBUG] [FML]:   Adding DynamicTrees-1.12.2-0.9.25.jar to the mod list
[13:55:36] [main/DEBUG] [FML]:   Adding movingworld-1.12-6.353-full.jar to the mod list
[13:55:36] [main/DEBUG] [FML]:   Adding LittleTiles_v1.5.34_mc1.12.2.jar to the mod list
[13:55:36] [main/DEBUG] [FML]:   Adding worldedit-wanditems-v1.1-mc1.12.2.jar to the mod list
[13:55:36] [main/DEBUG] [FML]:   Adding EnderCore-1.12.2-0.5.76.jar to the mod list
[13:55:36] [main/DEBUG] [FML]:   Adding WorldEdit-CUI-FE3-1.12.2-3.0.9.jar to the mod list
[13:55:36] [main/DEBUG] [FML]:   Adding TConstruct-1.12.2-2.13.0.183.jar to the mod list
[13:55:36] [main/DEBUG] [FML]:   Adding Mantle-1.12-1.3.3.55.jar to the mod list
[13:55:36] [main/DEBUG] [FML]:   Adding _MixinBootstrap-1.1.0.jar to the mod list
[13:55:36] [main/DEBUG] [FML]:   Adding blockcraftery-1.12.2-1.3.1.jar to the mod list
[13:55:36] [main/DEBUG] [FML]:   Adding DynamicTreesTinkersConstruct-1.12.2-1.2.7.jar to the mod list
[13:55:36] [main/DEBUG] [FML]:   Adding XaerosWorldMap_1.18.0_Forge_1.12.jar to the mod list
[13:55:36] [main/DEBUG] [FML]:   Adding konkrete_1.3.0_MC_1.12-1.12.2.jar to the mod list
[13:55:36] [main/DEBUG] [FML]:   Adding Modern Warfare-Content Pack-1.12.2-5.8.2.jar to the mod list
[13:55:36] [main/DEBUG] [FML]:   Adding [1.12.2] SecurityCraft v1.8.23.2.jar to the mod list
[13:55:36] [main/DEBUG] [FML]:   Adding mysticallib-1.12.2-1.13.0.jar to the mod list
[13:55:36] [main/DEBUG] [FML]:   Adding BetterQuesting-3.5.329.jar to the mod list
[13:55:36] [main/DEBUG] [FML]:   Adding worldedit-forge-mc1.12.2-6.1.10-dist.jar to the mod list
[13:55:36] [main/DEBUG] [FML]:   Adding AppliedIntegrations-1.12.2-e2884e6f.jar to the mod list
[13:55:36] [main/DEBUG] [FML]:   Adding fancymenu_2.3.5_MC_1.12-1.12.2.jar to the mod list
[13:55:36] [main/DEBUG] [FML]:   Adding MCTImmersiveTechnology-1.12.2-1.9.99.jar to the mod list
[13:55:36] [main/DEBUG] [FML]:   Adding StandardExpansion-3.4.173.jar to the mod list
[13:55:36] [main/DEBUG] [FML]:   Adding DynamicTreesBOP-1.12.2-1.5.1.jar to the mod list
[13:55:36] [main/DEBUG] [FML]:   Adding ImmersiveEngineering-0.12-98.jar to the mod list
[13:55:36] [main/DEBUG] [FML]:   Adding EnderIO-1.12.2-5.3.70.jar to the mod list
[13:55:36] [main/DEBUG] [FML]:   Adding Xaeros_Minimap_21.20.0_Forge_1.12.jar to the mod list
[13:55:36] [main/DEBUG] [FML]:   Adding appliedenergistics2-rv6-stable-7.jar to the mod list
[13:55:36] [main/DEBUG] [FML]:   Adding ImmersivePosts-0.2.1.jar to the mod list
[13:55:36] [main/DEBUG] [FML]:   Adding BetterFps-1.4.8.jar to the mod list
[13:55:36] [main/DEBUG] [FML]:   Adding betterhud-1.12.2-1.4.4.jar to the mod list
[13:55:36] [main/DEBUG] [FML]:   Adding CodeChickenLib-1.12.2-3.2.3.358-universal.jar to the mod list
[13:55:36] [main/DEBUG] [FML]:   Adding Flan's Mod-1.12.2-5.10.0.jar to the mod list
[13:55:36] [main/DEBUG] [FML]:   Adding UndergroundBiomesConstructs-1.12-1.3.8.jar to the mod list
[13:55:36] [main/DEBUG] [FML]:   Adding particleculling-1.12.2-v1.2.jar to the mod list
[13:55:36] [main/DEBUG] [FML]:   Adding davincisvessels-1.12-6.340-full.jar to the mod list
[13:55:36] [main/DEBUG] [FML]:   Adding jei_1.12.2-4.16.1.301.jar to the mod list
[13:55:36] [main/DEBUG] [FML]:   Adding DiscordCraft-2.0.jar to the mod list
[13:55:36] [main/DEBUG] [FML]:   Adding EnderStorage-1.12.2-2.4.6.137-universal.jar to the mod list
[13:55:36] [main/DEBUG] [FML]:   Adding Hwyla-1.8.26-B41_1.12.2.jar to the mod list
[13:55:36] [main/DEBUG] [FML]:   Adding EntityCulling-1.12.2-4.1.5.jar to the mod list
[13:55:36] [main/DEBUG] [FML]: Examining for coremod candidacy [1.12.2] SecurityCraft v1.8.23.2.jar
[13:55:36] [main/DEBUG] [FML]: Not found coremod data in [1.12.2] SecurityCraft v1.8.23.2.jar
[13:55:36] [main/DEBUG] [FML]: Examining for coremod candidacy _MixinBootstrap-1.1.0.jar
[13:55:36] [main/INFO] [FML]: Loading tweaker org.spongepowered.asm.launch.MixinTweaker from _MixinBootstrap-1.1.0.jar
[13:55:36] [main/DEBUG] [FML]: Examining for coremod candidacy appliedenergistics2-rv6-stable-7.jar
[13:55:36] [main/DEBUG] [FML]: Not found coremod data in appliedenergistics2-rv6-stable-7.jar
[13:55:36] [main/DEBUG] [FML]: Examining for coremod candidacy AppliedIntegrations-1.12.2-e2884e6f.jar
[13:55:36] [main/DEBUG] [FML]: Not found coremod data in AppliedIntegrations-1.12.2-e2884e6f.jar
[13:55:36] [main/DEBUG] [FML]: Examining for coremod candidacy BetterFps-1.4.8.jar
[13:55:36] [main/INFO] [FML]: Loading tweaker guichaguri.betterfps.tweaker.BetterFpsTweaker from BetterFps-1.4.8.jar
[13:55:36] [main/DEBUG] [FML]: Examining for coremod candidacy betterhud-1.12.2-1.4.4.jar
[13:55:36] [main/DEBUG] [FML]: Not found coremod data in betterhud-1.12.2-1.4.4.jar
[13:55:36] [main/DEBUG] [FML]: Examining for coremod candidacy BetterQuesting-3.5.329.jar
[13:55:36] [main/DEBUG] [FML]: Not found coremod data in BetterQuesting-3.5.329.jar
[13:55:36] [main/DEBUG] [FML]: Examining for coremod candidacy BiomesOPlenty-1.12.2-7.0.1.2441-universal.jar
[13:55:36] [main/DEBUG] [FML]: Not found coremod data in BiomesOPlenty-1.12.2-7.0.1.2441-universal.jar
[13:55:36] [main/DEBUG] [FML]: Examining for coremod candidacy blockcraftery-1.12.2-1.3.1.jar
[13:55:36] [main/DEBUG] [FML]: Not found coremod data in blockcraftery-1.12.2-1.3.1.jar
[13:55:36] [main/DEBUG] [FML]: Examining for coremod candidacy BNBGamingLib-1.12.2-2.17.6.jar
[13:55:36] [main/DEBUG] [FML]: Not found coremod data in BNBGamingLib-1.12.2-2.17.6.jar
[13:55:36] [main/DEBUG] [FML]: Examining for coremod candidacy CodeChickenLib-1.12.2-3.2.3.358-universal.jar
[13:55:36] [main/DEBUG] [FML]: Not found coremod data in CodeChickenLib-1.12.2-3.2.3.358-universal.jar
[13:55:36] [main/DEBUG] [FML]: Examining for coremod candidacy CreativeCore_v1.10.65_mc1.12.2.jar
[13:55:36] [main/WARN] [FML]: Found FMLCorePluginContainsFMLMod marker in CreativeCore_v1.10.65_mc1.12.2.jar. This is not recommended, @Mods should be in a separate jar from the coremod.
[13:55:36] [main/DEBUG] [FML]: Instantiating coremod class CreativePatchingLoader
[13:55:36] [main/WARN] [FML]: The coremod com.creativemd.creativecore.core.CreativePatchingLoader does not have a MCVersion annotation, it may cause issues with this version of Minecraft
[13:55:36] [main/WARN] [FML]: The coremod CreativePatchingLoader (com.creativemd.creativecore.core.CreativePatchingLoader) is not signed!
[13:55:36] [main/DEBUG] [FML]: Enqueued coremod CreativePatchingLoader
[13:55:36] [main/DEBUG] [FML]: Examining for coremod candidacy davincisvessels-1.12-6.340-full.jar
[13:55:36] [main/DEBUG] [FML]: Not found coremod data in davincisvessels-1.12-6.340-full.jar
[13:55:36] [main/DEBUG] [FML]: Examining for coremod candidacy DiscordCraft-2.0.jar
[13:55:36] [main/DEBUG] [FML]: Not found coremod data in DiscordCraft-2.0.jar
[13:55:36] [main/DEBUG] [FML]: Examining for coremod candidacy DynamicTrees-1.12.2-0.9.25.jar
[13:55:36] [main/DEBUG] [FML]: Not found coremod data in DynamicTrees-1.12.2-0.9.25.jar
[13:55:36] [main/DEBUG] [FML]: Examining for coremod candidacy DynamicTreesBOP-1.12.2-1.5.1.jar
[13:55:36] [main/DEBUG] [FML]: Not found coremod data in DynamicTreesBOP-1.12.2-1.5.1.jar
[13:55:36] [main/DEBUG] [FML]: Examining for coremod candidacy DynamicTreesTinkersConstruct-1.12.2-1.2.7.jar
[13:55:36] [main/DEBUG] [FML]: Not found coremod data in DynamicTreesTinkersConstruct-1.12.2-1.2.7.jar
[13:55:36] [main/DEBUG] [FML]: Examining for coremod candidacy EnderCore-1.12.2-0.5.76.jar
[13:55:36] [main/DEBUG] [FML]: Not found coremod data in EnderCore-1.12.2-0.5.76.jar
[13:55:36] [main/DEBUG] [FML]: Examining for coremod candidacy EnderIO-1.12.2-5.3.70.jar
[13:55:36] [main/DEBUG] [FML]: Not found coremod data in EnderIO-1.12.2-5.3.70.jar
[13:55:36] [main/DEBUG] [FML]: Examining for coremod candidacy EnderStorage-1.12.2-2.4.6.137-universal.jar
[13:55:36] [main/DEBUG] [FML]: Not found coremod data in EnderStorage-1.12.2-2.4.6.137-universal.jar
[13:55:36] [main/DEBUG] [FML]: Examining for coremod candidacy EntityCulling-1.12.2-4.1.5.jar
[13:55:36] [main/WARN] [FML]: Found FMLCorePluginContainsFMLMod marker in EntityCulling-1.12.2-4.1.5.jar. This is not recommended, @Mods should be in a separate jar from the coremod.
[13:55:36] [main/DEBUG] [FML]: Instantiating coremod class EntityCullingPlugin
[13:55:36] [main/DEBUG] [FML]: The coremod meldexun.entityculling.plugin.EntityCullingPlugin requested minecraft version 1.12.2 and minecraft is 1.12.2. It will be loaded.
[13:55:36] [main/WARN] [FML]: The coremod EntityCullingPlugin (meldexun.entityculling.plugin.EntityCullingPlugin) is not signed!
[13:55:36] [main/DEBUG] [FML]: Enqueued coremod EntityCullingPlugin
[13:55:36] [main/DEBUG] [FML]: Examining for coremod candidacy fancymenu_2.3.5_MC_1.12-1.12.2.jar
[13:55:36] [main/INFO] [FML]: Loading tweaker org.spongepowered.asm.launch.MixinTweaker from fancymenu_2.3.5_MC_1.12-1.12.2.jar
[13:55:36] [main/DEBUG] [FML]: Examining for coremod candidacy Flan's Mod-1.12.2-5.10.0.jar
[13:55:36] [main/DEBUG] [FML]: Not found coremod data in Flan's Mod-1.12.2-5.10.0.jar
[13:55:36] [main/DEBUG] [FML]: Examining for coremod candidacy Hwyla-1.8.26-B41_1.12.2.jar
[13:55:36] [main/DEBUG] [FML]: Not found coremod data in Hwyla-1.8.26-B41_1.12.2.jar
[13:55:36] [main/DEBUG] [FML]: Examining for coremod candidacy ImmersiveCables-1.12.2-1.3.2.jar
[13:55:36] [main/DEBUG] [FML]: Not found coremod data in ImmersiveCables-1.12.2-1.3.2.jar
[13:55:36] [main/DEBUG] [FML]: Examining for coremod candidacy immersivepetroleum-1.12.2-1.1.10.jar
[13:55:36] [main/DEBUG] [FML]: Not found coremod data in immersivepetroleum-1.12.2-1.1.10.jar
[13:55:36] [main/DEBUG] [FML]: Examining for coremod candidacy ImmersivePosts-0.2.1.jar
[13:55:36] [main/DEBUG] [FML]: Not found coremod data in ImmersivePosts-0.2.1.jar
[13:55:36] [main/DEBUG] [FML]: Examining for coremod candidacy jei_1.12.2-4.16.1.301.jar
[13:55:36] [main/DEBUG] [FML]: Not found coremod data in jei_1.12.2-4.16.1.301.jar
[13:55:36] [main/DEBUG] [FML]: Examining for coremod candidacy konkrete_1.3.0_MC_1.12-1.12.2.jar
[13:55:36] [main/INFO] [FML]: Loading tweaker org.spongepowered.asm.launch.MixinTweaker from konkrete_1.3.0_MC_1.12-1.12.2.jar
[13:55:36] [main/DEBUG] [FML]: Examining for coremod candidacy LittleFrames_v1.0.10_mc1.12.2.jar
[13:55:36] [main/DEBUG] [FML]: Examining for coremod candidacy LittleTiles_v1.5.34_mc1.12.2.jar
[13:55:36] [main/WARN] [FML]: Found FMLCorePluginContainsFMLMod marker in LittleTiles_v1.5.34_mc1.12.2.jar. This is not recommended, @Mods should be in a separate jar from the coremod.
[13:55:36] [main/DEBUG] [FML]: Instantiating coremod class LittlePatchingLoader
[13:55:36] [main/WARN] [FML]: The coremod com.creativemd.littletiles.LittlePatchingLoader does not have a MCVersion annotation, it may cause issues with this version of Minecraft
[13:55:36] [main/WARN] [FML]: The coremod LittlePatchingLoader (com.creativemd.littletiles.LittlePatchingLoader) is not signed!
[13:55:36] [main/DEBUG] [FML]: Added access transformer class com.creativemd.littletiles.LittleTilesAfterTransformer to enqueued access transformers
[13:55:36] [main/DEBUG] [FML]: Enqueued coremod LittlePatchingLoader
[13:55:36] [main/DEBUG] [FML]: Examining for coremod candidacy LoadingScreens-1.12.2-0.3.1.jar
[13:55:36] [main/DEBUG] [FML]: Not found coremod data in LoadingScreens-1.12.2-0.3.1.jar
[13:55:36] [main/DEBUG] [FML]: Examining for coremod candidacy Mantle-1.12-1.3.3.55.jar
[13:55:36] [main/DEBUG] [FML]: Not found coremod data in Mantle-1.12-1.3.3.55.jar
[13:55:36] [main/DEBUG] [FML]: Examining for coremod candidacy MCTImmersiveTechnology-1.12.2-1.9.99.jar
[13:55:36] [main/DEBUG] [FML]: Not found coremod data in MCTImmersiveTechnology-1.12.2-1.9.99.jar
[13:55:36] [main/DEBUG] [FML]: Examining for coremod candidacy Modern Warfare-Content Pack-1.12.2-5.8.2.jar
[13:55:36] [main/DEBUG] [FML]: Not found coremod data in Modern Warfare-Content Pack-1.12.2-5.8.2.jar
[13:55:36] [main/DEBUG] [FML]: Examining for coremod candidacy movingworld-1.12-6.353-full.jar
[13:55:36] [main/INFO] [FML]: Loading tweaker org.spongepowered.asm.launch.MixinTweaker from movingworld-1.12-6.353-full.jar
[13:55:36] [main/DEBUG] [FML]: Examining for coremod candidacy mysticallib-1.12.2-1.13.0.jar
[13:55:36] [main/DEBUG] [FML]: Not found coremod data in mysticallib-1.12.2-1.13.0.jar
[13:55:36] [main/DEBUG] [FML]: Examining for coremod candidacy OptiFine_1.12.2_HD_U_G5.jar
[13:55:36] [main/INFO] [FML]: Loading tweaker optifine.OptiFineForgeTweaker from OptiFine_1.12.2_HD_U_G5.jar
[13:55:36] [main/DEBUG] [FML]: Examining for coremod candidacy particleculling-1.12.2-v1.2.jar
[13:55:36] [main/INFO] [FML]: Loading tweaker org.spongepowered.asm.launch.MixinTweaker from particleculling-1.12.2-v1.2.jar
[13:55:36] [main/DEBUG] [FML]: Examining for coremod candidacy Simple Parts-Content Pack-1.12.2-5.7.2.jar
[13:55:36] [main/DEBUG] [FML]: Not found coremod data in Simple Parts-Content Pack-1.12.2-5.7.2.jar
[13:55:36] [main/DEBUG] [FML]: Examining for coremod candidacy StandardExpansion-3.4.173.jar
[13:55:36] [main/DEBUG] [FML]: Not found coremod data in StandardExpansion-3.4.173.jar
[13:55:36] [main/DEBUG] [FML]: Examining for coremod candidacy TConstruct-1.12.2-2.13.0.183.jar
[13:55:36] [main/DEBUG] [FML]: Not found coremod data in TConstruct-1.12.2-2.13.0.183.jar
[13:55:36] [main/DEBUG] [FML]: Examining for coremod candidacy UndergroundBiomesConstructs-1.12-1.3.8.jar
[13:55:36] [main/DEBUG] [FML]: Not found coremod data in UndergroundBiomesConstructs-1.12-1.3.8.jar
[13:55:36] [main/DEBUG] [FML]: Examining for coremod candidacy Wawla-1.12.2-2.6.275.jar
[13:55:36] [main/DEBUG] [FML]: Not found coremod data in Wawla-1.12.2-2.6.275.jar
[13:55:36] [main/DEBUG] [FML]: Examining for coremod candidacy WorldEdit-CUI-FE3-1.12.2-3.0.9.jar
[13:55:36] [main/DEBUG] [FML]: Not found coremod data in WorldEdit-CUI-FE3-1.12.2-3.0.9.jar
[13:55:36] [main/DEBUG] [FML]: Examining for coremod candidacy worldedit-forge-mc1.12.2-6.1.10-dist.jar
[13:55:36] [main/DEBUG] [FML]: Not found coremod data in worldedit-forge-mc1.12.2-6.1.10-dist.jar
[13:55:36] [main/DEBUG] [FML]: Examining for coremod candidacy worldedit-wanditems-v1.1-mc1.12.2.jar
[13:55:36] [main/DEBUG] [FML]: Not found coremod data in worldedit-wanditems-v1.1-mc1.12.2.jar
[13:55:36] [main/DEBUG] [FML]: Examining for coremod candidacy Xaeros_Minimap_21.20.0_Forge_1.12.jar
[13:55:36] [main/WARN] [FML]: Found FMLCorePluginContainsFMLMod marker in Xaeros_Minimap_21.20.0_Forge_1.12.jar. This is not recommended, @Mods should be in a separate jar from the coremod.
[13:55:36] [main/DEBUG] [FML]: Instantiating coremod class XaeroMinimapPlugin
[13:55:36] [main/DEBUG] [FML]: The coremod xaero.common.core.XaeroMinimapPlugin requested minecraft version 1.12.2 and minecraft is 1.12.2. It will be loaded.
[13:55:36] [main/WARN] [FML]: The coremod XaeroMinimapPlugin (xaero.common.core.XaeroMinimapPlugin) is not signed!
[13:55:36] [main/DEBUG] [FML]: Enqueued coremod XaeroMinimapPlugin
[13:55:36] [main/DEBUG] [FML]: Examining for coremod candidacy XaerosWorldMap_1.18.0_Forge_1.12.jar
[13:55:36] [main/WARN] [FML]: Found FMLCorePluginContainsFMLMod marker in XaerosWorldMap_1.18.0_Forge_1.12.jar. This is not recommended, @Mods should be in a separate jar from the coremod.
[13:55:36] [main/DEBUG] [FML]: Instantiating coremod class XaeroWorldMapPlugin
[13:55:36] [main/DEBUG] [FML]: The coremod xaero.map.core.XaeroWorldMapPlugin requested minecraft version 1.12.2 and minecraft is 1.12.2. It will be loaded.
[13:55:36] [main/WARN] [FML]: The coremod XaeroWorldMapPlugin (xaero.map.core.XaeroWorldMapPlugin) is not signed!
[13:55:36] [main/DEBUG] [FML]: Enqueued coremod XaeroWorldMapPlugin
[13:55:36] [main/DEBUG] [FML]: Examining for coremod candidacy EnderCore-1.12.2-0.5.76-core.jar
[13:55:36] [main/TRACE] [FML]: Adding EnderCore-1.12.2-0.5.76-core.jar to the list of known coremods, it will not be examined again
[13:55:36] [main/DEBUG] [FML]: Instantiating coremod class EnderCorePlugin
[13:55:36] [main/DEBUG] [FML]: The coremod com.enderio.core.common.transform.EnderCorePlugin requested minecraft version 1.12.2 and minecraft is 1.12.2. It will be loaded.
[13:55:36] [main/DEBUG] [FML]: Found signing certificates for coremod EnderCorePlugin (com.enderio.core.common.transform.EnderCorePlugin)
[13:55:36] [main/DEBUG] [FML]: Found certificate c8f54f454b230ae874e2620721fc1ee76c4b0f6b
[13:55:36] [main/DEBUG] [FML]: Enqueued coremod EnderCorePlugin
[13:55:36] [main/DEBUG] [FML]: Examining for coremod candidacy ImmersiveEngineering-core-0.12-98.jar
[13:55:36] [main/TRACE] [FML]: Adding ImmersiveEngineering-core-0.12-98.jar to the list of known coremods, it will not be examined again
[13:55:36] [main/DEBUG] [FML]: Instantiating coremod class IELoadingPlugin
[13:55:36] [main/WARN] [FML]: The coremod blusunrize.immersiveengineering.common.asm.IELoadingPlugin does not have a MCVersion annotation, it may cause issues with this version of Minecraft
[13:55:36] [main/WARN] [FML]: The coremod IELoadingPlugin (blusunrize.immersiveengineering.common.asm.IELoadingPlugin) is not signed!
[13:55:36] [main/DEBUG] [FML]: Enqueued coremod IELoadingPlugin
[13:55:36] [main/DEBUG] [FML]: Examining for coremod candidacy ImmersiveEngineering-0.12-98.jar
[13:55:36] [main/DEBUG] [FML]: Not found coremod data in ImmersiveEngineering-0.12-98.jar
[13:55:36] [main/DEBUG] [FML]: Examining for coremod candidacy AutoSave-1.12.2-1.0.11.jar
[13:55:36] [main/DEBUG] [FML]: Not found coremod data in AutoSave-1.12.2-1.0.11.jar
[13:55:36] [main/DEBUG] [FML]: Examining for coremod candidacy AutoConfig-1.12.2-1.0.2.jar
[13:55:36] [main/DEBUG] [FML]: Not found coremod data in AutoConfig-1.12.2-1.0.2.jar
[13:55:36] [main/INFO] [LaunchWrapper]: Loading tweak class name net.minecraftforge.fml.common.launcher.FMLInjectionAndSortingTweaker
[13:55:36] [main/INFO] [LaunchWrapper]: Loading tweak class name org.spongepowered.asm.launch.MixinTweaker
[13:55:36] [main/DEBUG] [mixin]: Mixin bootstrap service org.spongepowered.asm.service.modlauncher.MixinServiceModLauncherBootstrap is not available: ModLauncher is not available
[13:55:36] [main/DEBUG] [mixin]: MixinService [LaunchWrapper] was successfully booted in sun.misc.Launcher$AppClassLoader@3d4eac69
[13:55:36] [main/INFO] [mixin]: SpongePowered MIXIN Subsystem Version=0.8.4 Source=file:/Users/tristanpoland/Library/Application%20Support/gdlauncher_next/instances/Cruel-World-Survival-Cruel-World-War/mods/_MixinBootstrap-1.1.0.jar Service=LaunchWrapper Env=CLIENT
[13:55:37] [main/DEBUG] [mixin]: Error cleaning class output directory: .mixin.out
[13:55:37] [main/DEBUG] [mixin]: Adding new mixin transformer proxy #1
[13:55:37] [main/DEBUG] [mixin]: Initialising Mixin Platform Manager
[13:55:37] [main/DEBUG] [mixin]: Adding mixin platform agents for container ContainerHandleURI(file:/Users/tristanpoland/Library/Application%20Support/gdlauncher_next/instances/Cruel-World-Survival-Cruel-World-War/mods/_MixinBootstrap-1.1.0.jar)
[13:55:37] [main/DEBUG] [mixin]: Instancing new MixinPlatformAgentFMLLegacy for ContainerHandleURI(file:/Users/tristanpoland/Library/Application%20Support/gdlauncher_next/instances/Cruel-World-Survival-Cruel-World-War/mods/_MixinBootstrap-1.1.0.jar)
[13:55:37] [main/DEBUG] [mixin]: MixinPlatformAgentFMLLegacy rejected container ContainerHandleURI(file:/Users/tristanpoland/Library/Application%20Support/gdlauncher_next/instances/Cruel-World-Survival-Cruel-World-War/mods/_MixinBootstrap-1.1.0.jar)
[13:55:37] [main/DEBUG] [mixin]: Instancing new MixinPlatformAgentLiteLoaderLegacy for ContainerHandleURI(file:/Users/tristanpoland/Library/Application%20Support/gdlauncher_next/instances/Cruel-World-Survival-Cruel-World-War/mods/_MixinBootstrap-1.1.0.jar)
[13:55:37] [main/DEBUG] [mixin]: MixinPlatformAgentLiteLoaderLegacy rejected container ContainerHandleURI(file:/Users/tristanpoland/Library/Application%20Support/gdlauncher_next/instances/Cruel-World-Survival-Cruel-World-War/mods/_MixinBootstrap-1.1.0.jar)
[13:55:37] [main/DEBUG] [mixin]: Instancing new MixinPlatformAgentDefault for ContainerHandleURI(file:/Users/tristanpoland/Library/Application%20Support/gdlauncher_next/instances/Cruel-World-Survival-Cruel-World-War/mods/_MixinBootstrap-1.1.0.jar)
[13:55:37] [main/DEBUG] [mixin]: MixinPlatformAgentDefault accepted container ContainerHandleURI(file:/Users/tristanpoland/Library/Application%20Support/gdlauncher_next/instances/Cruel-World-Survival-Cruel-World-War/mods/_MixinBootstrap-1.1.0.jar)
[13:55:37] [main/DEBUG] [org.spongepowered.asm.service.mojang.MixinServiceLaunchWrapper]: Scanning file:/Users/tristanpoland/Library/Application%20Support/gdlauncher_next/datastore/libraries/net/minecraftforge/forge/1.12.2-14.23.5.2860/forge-1.12.2-14.23.5.2860.jar for mixin tweaker
[13:55:37] [main/DEBUG] [org.spongepowered.asm.service.mojang.MixinServiceLaunchWrapper]: Scanning file:/Users/tristanpoland/Library/Application%20Support/gdlauncher_next/datastore/libraries/org/ow2/asm/asm-debug-all/5.2/asm-debug-all-5.2.jar for mixin tweaker
[13:55:37] [main/DEBUG] [org.spongepowered.asm.service.mojang.MixinServiceLaunchWrapper]: Scanning file:/Users/tristanpoland/Library/Application%20Support/gdlauncher_next/datastore/libraries/net/minecraft/launchwrapper/1.12/launchwrapper-1.12.jar for mixin tweaker
[13:55:37] [main/DEBUG] [org.spongepowered.asm.service.mojang.MixinServiceLaunchWrapper]: Scanning file:/Users/tristanpoland/Library/Application%20Support/gdlauncher_next/datastore/libraries/org/jline/jline/3.5.1/jline-3.5.1.jar for mixin tweaker
[13:55:37] [main/DEBUG] [org.spongepowered.asm.service.mojang.MixinServiceLaunchWrapper]: Scanning file:/Users/tristanpoland/Library/Application%20Support/gdlauncher_next/datastore/libraries/com/typesafe/akka/akka-actor_2.11/2.3.3/akka-actor_2.11-2.3.3.jar for mixin tweaker
[13:55:37] [main/DEBUG] [org.spongepowered.asm.service.mojang.MixinServiceLaunchWrapper]: Scanning file:/Users/tristanpoland/Library/Application%20Support/gdlauncher_next/datastore/libraries/com/typesafe/config/1.2.1/config-1.2.1.jar for mixin tweaker
[13:55:37] [main/DEBUG] [org.spongepowered.asm.service.mojang.MixinServiceLaunchWrapper]: Scanning file:/Users/tristanpoland/Library/Application%20Support/gdlauncher_next/datastore/libraries/org/scala-lang/scala-actors-migration_2.11/1.1.0/scala-actors-migration_2.11-1.1.0.jar for mixin tweaker
[13:55:37] [main/DEBUG] [org.spongepowered.asm.service.mojang.MixinServiceLaunchWrapper]: Scanning file:/Users/tristanpoland/Library/Application%20Support/gdlauncher_next/datastore/libraries/org/scala-lang/scala-compiler/2.11.1/scala-compiler-2.11.1.jar for mixin tweaker
[13:55:37] [main/DEBUG] [org.spongepowered.asm.service.mojang.MixinServiceLaunchWrapper]: Scanning file:/Users/tristanpoland/Library/Application%20Support/gdlauncher_next/datastore/libraries/org/scala-lang/plugins/scala-continuations-library_2.11/1.0.2_mc/scala-continuations-library_2.11-1.0.2_mc.jar for mixin tweaker
[13:55:37] [main/DEBUG] [org.spongepowered.asm.service.mojang.MixinServiceLaunchWrapper]: Scanning file:/Users/tristanpoland/Library/Application%20Support/gdlauncher_next/datastore/libraries/org/scala-lang/plugins/scala-continuations-plugin_2.11.1/1.0.2_mc/scala-continuations-plugin_2.11.1-1.0.2_mc.jar for mixin tweaker
[13:55:37] [main/DEBUG] [org.spongepowered.asm.service.mojang.MixinServiceLaunchWrapper]: Scanning file:/Users/tristanpoland/Library/Application%20Support/gdlauncher_next/datastore/libraries/org/scala-lang/scala-library/2.11.1/scala-library-2.11.1.jar for mixin tweaker
[13:55:37] [main/DEBUG] [org.spongepowered.asm.service.mojang.MixinServiceLaunchWrapper]: Scanning file:/Users/tristanpoland/Library/Application%20Support/gdlauncher_next/datastore/libraries/org/scala-lang/scala-parser-combinators_2.11/1.0.1/scala-parser-combinators_2.11-1.0.1.jar for mixin tweaker
[13:55:37] [main/DEBUG] [org.spongepowered.asm.service.mojang.MixinServiceLaunchWrapper]: Scanning file:/Users/tristanpoland/Library/Application%20Support/gdlauncher_next/datastore/libraries/org/scala-lang/scala-reflect/2.11.1/scala-reflect-2.11.1.jar for mixin tweaker
[13:55:37] [main/DEBUG] [org.spongepowered.asm.service.mojang.MixinServiceLaunchWrapper]: Scanning file:/Users/tristanpoland/Library/Application%20Support/gdlauncher_next/datastore/libraries/org/scala-lang/scala-swing_2.11/1.0.1/scala-swing_2.11-1.0.1.jar for mixin tweaker
[13:55:37] [main/DEBUG] [org.spongepowered.asm.service.mojang.MixinServiceLaunchWrapper]: Scanning file:/Users/tristanpoland/Library/Application%20Support/gdlauncher_next/datastore/libraries/org/scala-lang/scala-xml_2.11/1.0.2/scala-xml_2.11-1.0.2.jar for mixin tweaker
[13:55:37] [main/DEBUG] [org.spongepowered.asm.service.mojang.MixinServiceLaunchWrapper]: Scanning file:/Users/tristanpoland/Library/Application%20Support/gdlauncher_next/datastore/libraries/lzma/lzma/0.0.1/lzma-0.0.1.jar for mixin tweaker
[13:55:37] [main/DEBUG] [org.spongepowered.asm.service.mojang.MixinServiceLaunchWrapper]: Scanning file:/Users/tristanpoland/Library/Application%20Support/gdlauncher_next/datastore/libraries/java3d/vecmath/1.5.2/vecmath-1.5.2.jar for mixin tweaker
[13:55:37] [main/DEBUG] [org.spongepowered.asm.service.mojang.MixinServiceLaunchWrapper]: Scanning file:/Users/tristanpoland/Library/Application%20Support/gdlauncher_next/datastore/libraries/net/sf/trove4j/trove4j/3.0.3/trove4j-3.0.3.jar for mixin tweaker
[13:55:37] [main/DEBUG] [org.spongepowered.asm.service.mojang.MixinServiceLaunchWrapper]: Scanning file:/Users/tristanpoland/Library/Application%20Support/gdlauncher_next/datastore/libraries/org/apache/maven/maven-artifact/3.5.3/maven-artifact-3.5.3.jar for mixin tweaker
[13:55:37] [main/DEBUG] [org.spongepowered.asm.service.mojang.MixinServiceLaunchWrapper]: Scanning file:/Users/tristanpoland/Library/Application%20Support/gdlauncher_next/datastore/libraries/net/sf/jopt-simple/jopt-simple/5.0.3/jopt-simple-5.0.3.jar for mixin tweaker
[13:55:37] [main/DEBUG] [org.spongepowered.asm.service.mojang.MixinServiceLaunchWrapper]: Scanning file:/Users/tristanpoland/Library/Application%20Support/gdlauncher_next/datastore/libraries/org/apache/logging/log4j/log4j-api/2.15.0/log4j-api-2.15.0.jar for mixin tweaker
[13:55:37] [main/DEBUG] [org.spongepowered.asm.service.mojang.MixinServiceLaunchWrapper]: Scanning file:/Users/tristanpoland/Library/Application%20Support/gdlauncher_next/datastore/libraries/org/apache/logging/log4j/log4j-core/2.15.0/log4j-core-2.15.0.jar for mixin tweaker
[13:55:37] [main/DEBUG] [org.spongepowered.asm.service.mojang.MixinServiceLaunchWrapper]: Scanning file:/Users/tristanpoland/Library/Application%20Support/gdlauncher_next/datastore/libraries/com/mojang/patchy/1.1/patchy-1.1.jar for mixin tweaker
[13:55:37] [main/DEBUG] [org.spongepowered.asm.service.mojang.MixinServiceLaunchWrapper]: Scanning file:/Users/tristanpoland/Library/Application%20Support/gdlauncher_next/datastore/libraries/oshi-project/oshi-core/1.1/oshi-core-1.1.jar for mixin tweaker
[13:55:37] [main/DEBUG] [org.spongepowered.asm.service.mojang.MixinServiceLaunchWrapper]: Scanning file:/Users/tristanpoland/Library/Application%20Support/gdlauncher_next/datastore/libraries/net/java/dev/jna/jna/4.4.0/jna-4.4.0.jar for mixin tweaker
[13:55:37] [main/DEBUG] [org.spongepowered.asm.service.mojang.MixinServiceLaunchWrapper]: Scanning file:/Users/tristanpoland/Library/Application%20Support/gdlauncher_next/datastore/libraries/net/java/dev/jna/platform/3.4.0/platform-3.4.0.jar for mixin tweaker
[13:55:37] [main/DEBUG] [org.spongepowered.asm.service.mojang.MixinServiceLaunchWrapper]: Scanning file:/Users/tristanpoland/Library/Application%20Support/gdlauncher_next/datastore/libraries/com/ibm/icu/icu4j-core-mojang/51.2/icu4j-core-mojang-51.2.jar for mixin tweaker
[13:55:37] [main/DEBUG] [org.spongepowered.asm.service.mojang.MixinServiceLaunchWrapper]: Scanning file:/Users/tristanpoland/Library/Application%20Support/gdlauncher_next/datastore/libraries/com/paulscode/codecjorbis/20101023/codecjorbis-20101023.jar for mixin tweaker
[13:55:37] [main/DEBUG] [org.spongepowered.asm.service.mojang.MixinServiceLaunchWrapper]: Scanning file:/Users/tristanpoland/Library/Application%20Support/gdlauncher_next/datastore/libraries/com/paulscode/codecwav/20101023/codecwav-20101023.jar for mixin tweaker
[13:55:37] [main/DEBUG] [org.spongepowered.asm.service.mojang.MixinServiceLaunchWrapper]: Scanning file:/Users/tristanpoland/Library/Application%20Support/gdlauncher_next/datastore/libraries/com/paulscode/libraryjavasound/20101123/libraryjavasound-20101123.jar for mixin tweaker
[13:55:37] [main/DEBUG] [org.spongepowered.asm.service.mojang.MixinServiceLaunchWrapper]: Scanning file:/Users/tristanpoland/Library/Application%20Support/gdlauncher_next/datastore/libraries/com/paulscode/librarylwjglopenal/20100824/librarylwjglopenal-20100824.jar for mixin tweaker
[13:55:37] [main/DEBUG] [org.spongepowered.asm.service.mojang.MixinServiceLaunchWrapper]: Scanning file:/Users/tristanpoland/Library/Application%20Support/gdlauncher_next/datastore/libraries/com/paulscode/soundsystem/20120107/soundsystem-20120107.jar for mixin tweaker
[13:55:37] [main/DEBUG] [org.spongepowered.asm.service.mojang.MixinServiceLaunchWrapper]: Scanning file:/Users/tristanpoland/Library/Application%20Support/gdlauncher_next/datastore/libraries/io/netty/netty-all/4.1.9.Final/netty-all-4.1.9.Final.jar for mixin tweaker
[13:55:37] [main/DEBUG] [org.spongepowered.asm.service.mojang.MixinServiceLaunchWrapper]: Scanning file:/Users/tristanpoland/Library/Application%20Support/gdlauncher_next/datastore/libraries/com/google/guava/guava/21.0/guava-21.0.jar for mixin tweaker
[13:55:37] [main/DEBUG] [org.spongepowered.asm.service.mojang.MixinServiceLaunchWrapper]: Scanning file:/Users/tristanpoland/Library/Application%20Support/gdlauncher_next/datastore/libraries/org/apache/commons/commons-lang3/3.5/commons-lang3-3.5.jar for mixin tweaker
[13:55:37] [main/DEBUG] [org.spongepowered.asm.service.mojang.MixinServiceLaunchWrapper]: Scanning file:/Users/tristanpoland/Library/Application%20Support/gdlauncher_next/datastore/libraries/commons-io/commons-io/2.5/commons-io-2.5.jar for mixin tweaker
[13:55:37] [main/DEBUG] [org.spongepowered.asm.service.mojang.MixinServiceLaunchWrapper]: Scanning file:/Users/tristanpoland/Library/Application%20Support/gdlauncher_next/datastore/libraries/commons-codec/commons-codec/1.10/commons-codec-1.10.jar for mixin tweaker
[13:55:37] [main/DEBUG] [org.spongepowered.asm.service.mojang.MixinServiceLaunchWrapper]: Scanning file:/Users/tristanpoland/Library/Application%20Support/gdlauncher_next/datastore/libraries/net/java/jinput/jinput/2.0.5/jinput-2.0.5.jar for mixin tweaker
[13:55:37] [main/DEBUG] [org.spongepowered.asm.service.mojang.MixinServiceLaunchWrapper]: Scanning file:/Users/tristanpoland/Library/Application%20Support/gdlauncher_next/datastore/libraries/net/java/jutils/jutils/1.0.0/jutils-1.0.0.jar for mixin tweaker
[13:55:37] [main/DEBUG] [org.spongepowered.asm.service.mojang.MixinServiceLaunchWrapper]: Scanning file:/Users/tristanpoland/Library/Application%20Support/gdlauncher_next/datastore/libraries/com/google/code/gson/gson/2.8.0/gson-2.8.0.jar for mixin tweaker
[13:55:37] [main/DEBUG] [org.spongepowered.asm.service.mojang.MixinServiceLaunchWrapper]: Scanning file:/Users/tristanpoland/Library/Application%20Support/gdlauncher_next/datastore/libraries/com/mojang/authlib/1.5.25/authlib-1.5.25.jar for mixin tweaker
[13:55:37] [main/DEBUG] [org.spongepowered.asm.service.mojang.MixinServiceLaunchWrapper]: Scanning file:/Users/tristanpoland/Library/Application%20Support/gdlauncher_next/datastore/libraries/com/mojang/realms/1.10.22/realms-1.10.22.jar for mixin tweaker
[13:55:37] [main/DEBUG] [org.spongepowered.asm.service.mojang.MixinServiceLaunchWrapper]: Scanning file:/Users/tristanpoland/Library/Application%20Support/gdlauncher_next/datastore/libraries/org/apache/commons/commons-compress/1.8.1/commons-compress-1.8.1.jar for mixin tweaker
[13:55:37] [main/DEBUG] [org.spongepowered.asm.service.mojang.MixinServiceLaunchWrapper]: Scanning file:/Users/tristanpoland/Library/Application%20Support/gdlauncher_next/datastore/libraries/org/apache/httpcomponents/httpclient/4.3.3/httpclient-4.3.3.jar for mixin tweaker
[13:55:37] [main/DEBUG] [org.spongepowered.asm.service.mojang.MixinServiceLaunchWrapper]: Scanning file:/Users/tristanpoland/Library/Application%20Support/gdlauncher_next/datastore/libraries/commons-logging/commons-logging/1.1.3/commons-logging-1.1.3.jar for mixin tweaker
[13:55:37] [main/DEBUG] [org.spongepowered.asm.service.mojang.MixinServiceLaunchWrapper]: Scanning file:/Users/tristanpoland/Library/Application%20Support/gdlauncher_next/datastore/libraries/org/apache/httpcomponents/httpcore/4.3.2/httpcore-4.3.2.jar for mixin tweaker
[13:55:37] [main/DEBUG] [org.spongepowered.asm.service.mojang.MixinServiceLaunchWrapper]: Scanning file:/Users/tristanpoland/Library/Application%20Support/gdlauncher_next/datastore/libraries/it/unimi/dsi/fastutil/7.1.0/fastutil-7.1.0.jar for mixin tweaker
[13:55:37] [main/DEBUG] [org.spongepowered.asm.service.mojang.MixinServiceLaunchWrapper]: Scanning file:/Users/tristanpoland/Library/Application%20Support/gdlauncher_next/datastore/libraries/org/apache/logging/log4j/log4j-api/2.8.1/log4j-api-2.8.1.jar for mixin tweaker
[13:55:37] [main/DEBUG] [org.spongepowered.asm.service.mojang.MixinServiceLaunchWrapper]: Scanning file:/Users/tristanpoland/Library/Application%20Support/gdlauncher_next/datastore/libraries/org/apache/logging/log4j/log4j-core/2.8.1/log4j-core-2.8.1.jar for mixin tweaker
[13:55:37] [main/DEBUG] [org.spongepowered.asm.service.mojang.MixinServiceLaunchWrapper]: Scanning file:/Users/tristanpoland/Library/Application%20Support/gdlauncher_next/datastore/libraries/org/lwjgl/lwjgl/lwjgl/2.9.2-nightly-20140822/lwjgl-2.9.2-nightly-20140822.jar for mixin tweaker
[13:55:37] [main/DEBUG] [org.spongepowered.asm.service.mojang.MixinServiceLaunchWrapper]: Scanning file:/Users/tristanpoland/Library/Application%20Support/gdlauncher_next/datastore/libraries/org/lwjgl/lwjgl/lwjgl_util/2.9.2-nightly-20140822/lwjgl_util-2.9.2-nightly-20140822.jar for mixin tweaker
[13:55:37] [main/DEBUG] [org.spongepowered.asm.service.mojang.MixinServiceLaunchWrapper]: Scanning file:/Users/tristanpoland/Library/Application%20Support/gdlauncher_next/datastore/libraries/com/mojang/text2speech/1.10.3/text2speech-1.10.3.jar for mixin tweaker
[13:55:37] [main/DEBUG] [org.spongepowered.asm.service.mojang.MixinServiceLaunchWrapper]: Scanning file:/Users/tristanpoland/Library/Application%20Support/gdlauncher_next/datastore/libraries/ca/weblite/java-objc-bridge/1.0.0/java-objc-bridge-1.0.0.jar for mixin tweaker
[13:55:37] [main/DEBUG] [org.spongepowered.asm.service.mojang.MixinServiceLaunchWrapper]: Scanning file:/Users/tristanpoland/Library/Application%20Support/gdlauncher_next/datastore/libraries/net/minecraft/1.12.2.jar for mixin tweaker
[13:55:37] [main/DEBUG] [org.spongepowered.asm.service.mojang.MixinServiceLaunchWrapper]: Scanning file:/Users/tristanpoland/Library/Application%20Support/gdlauncher_next/instances/Cruel-World-Survival-Cruel-World-War/mods/_MixinBootstrap-1.1.0.jar for mixin tweaker
[13:55:37] [main/DEBUG] [org.spongepowered.asm.service.mojang.MixinServiceLaunchWrapper]: Scanning file:/Users/tristanpoland/Library/Application%20Support/gdlauncher_next/instances/Cruel-World-Survival-Cruel-World-War/mods/BetterFps-1.4.8.jar for mixin tweaker
[13:55:37] [main/DEBUG] [org.spongepowered.asm.service.mojang.MixinServiceLaunchWrapper]: Scanning file:/Users/tristanpoland/Library/Application%20Support/gdlauncher_next/instances/Cruel-World-Survival-Cruel-World-War/mods/CreativeCore_v1.10.65_mc1.12.2.jar for mixin tweaker
[13:55:37] [main/DEBUG] [org.spongepowered.asm.service.mojang.MixinServiceLaunchWrapper]: Scanning file:/Users/tristanpoland/Library/Application%20Support/gdlauncher_next/instances/Cruel-World-Survival-Cruel-World-War/mods/EntityCulling-1.12.2-4.1.5.jar for mixin tweaker
[13:55:37] [main/DEBUG] [org.spongepowered.asm.service.mojang.MixinServiceLaunchWrapper]: Scanning file:/Users/tristanpoland/Library/Application%20Support/gdlauncher_next/instances/Cruel-World-Survival-Cruel-World-War/mods/fancymenu_2.3.5_MC_1.12-1.12.2.jar for mixin tweaker
[13:55:37] [main/DEBUG] [org.spongepowered.asm.service.mojang.MixinServiceLaunchWrapper]: Scanning file:/Users/tristanpoland/Library/Application%20Support/gdlauncher_next/instances/Cruel-World-Survival-Cruel-World-War/mods/konkrete_1.3.0_MC_1.12-1.12.2.jar for mixin tweaker
[13:55:37] [main/DEBUG] [org.spongepowered.asm.service.mojang.MixinServiceLaunchWrapper]: Scanning file:/Users/tristanpoland/Library/Application%20Support/gdlauncher_next/instances/Cruel-World-Survival-Cruel-World-War/mods/LittleTiles_v1.5.34_mc1.12.2.jar for mixin tweaker
[13:55:37] [main/DEBUG] [org.spongepowered.asm.service.mojang.MixinServiceLaunchWrapper]: Scanning file:/Users/tristanpoland/Library/Application%20Support/gdlauncher_next/instances/Cruel-World-Survival-Cruel-World-War/mods/movingworld-1.12-6.353-full.jar for mixin tweaker
[13:55:37] [main/DEBUG] [org.spongepowered.asm.service.mojang.MixinServiceLaunchWrapper]: Scanning file:/Users/tristanpoland/Library/Application%20Support/gdlauncher_next/instances/Cruel-World-Survival-Cruel-World-War/mods/OptiFine_1.12.2_HD_U_G5.jar for mixin tweaker
[13:55:37] [main/DEBUG] [org.spongepowered.asm.service.mojang.MixinServiceLaunchWrapper]: Scanning file:/Users/tristanpoland/Library/Application%20Support/gdlauncher_next/instances/Cruel-World-Survival-Cruel-World-War/mods/particleculling-1.12.2-v1.2.jar for mixin tweaker
[13:55:37] [main/DEBUG] [org.spongepowered.asm.service.mojang.MixinServiceLaunchWrapper]: Scanning file:/Users/tristanpoland/Library/Application%20Support/gdlauncher_next/instances/Cruel-World-Survival-Cruel-World-War/mods/Xaeros_Minimap_21.20.0_Forge_1.12.jar for mixin tweaker
[13:55:37] [main/DEBUG] [org.spongepowered.asm.service.mojang.MixinServiceLaunchWrapper]: Scanning file:/Users/tristanpoland/Library/Application%20Support/gdlauncher_next/instances/Cruel-World-Survival-Cruel-World-War/mods/XaerosWorldMap_1.18.0_Forge_1.12.jar for mixin tweaker
[13:55:37] [main/DEBUG] [org.spongepowered.asm.service.mojang.MixinServiceLaunchWrapper]: Scanning file:/Users/tristanpoland/Library/Application%20Support/gdlauncher_next/instances/Cruel-World-Survival-Cruel-World-War/mods/memory_repo/com/enderio/core/EnderCore/1.12.2-0.5.76/EnderCore-1.12.2-0.5.76-core.jar for mixin tweaker
[13:55:37] [main/DEBUG] [org.spongepowered.asm.service.mojang.MixinServiceLaunchWrapper]: Scanning file:/Users/tristanpoland/Library/Application%20Support/gdlauncher_next/instances/Cruel-World-Survival-Cruel-World-War/mods/memory_repo/blusunrize/ImmersiveEngineering-core/0.12-98/ImmersiveEngineering-core-0.12-98.jar for mixin tweaker
[13:55:37] [main/DEBUG] [mixin]: Adding agents for Mixin Container ContainerHandleURI(file:/Users/tristanpoland/Library/Application%20Support/gdlauncher_next/instances/Cruel-World-Survival-Cruel-World-War/mods/_MixinBootstrap-1.1.0.jar)
[13:55:37] [main/DEBUG] [mixin]: Adding agents for Mixin Container ContainerHandleURI(file:/Users/tristanpoland/Library/Application%20Support/gdlauncher_next/instances/Cruel-World-Survival-Cruel-World-War/mods/fancymenu_2.3.5_MC_1.12-1.12.2.jar)
[13:55:37] [main/DEBUG] [mixin]: Adding mixin platform agents for container ContainerHandleURI(file:/Users/tristanpoland/Library/Application%20Support/gdlauncher_next/instances/Cruel-World-Survival-Cruel-World-War/mods/fancymenu_2.3.5_MC_1.12-1.12.2.jar)
[13:55:37] [main/DEBUG] [mixin]: Instancing new MixinPlatformAgentFMLLegacy for ContainerHandleURI(file:/Users/tristanpoland/Library/Application%20Support/gdlauncher_next/instances/Cruel-World-Survival-Cruel-World-War/mods/fancymenu_2.3.5_MC_1.12-1.12.2.jar)
[13:55:37] [main/DEBUG] [mixin]: ForceLoadAsMod was specified for fancymenu_2.3.5_MC_1.12-1.12.2.jar, attempting force-load
[13:55:37] [main/DEBUG] [mixin]: Adding fancymenu_2.3.5_MC_1.12-1.12.2.jar to reparseable coremod collection
[13:55:37] [main/DEBUG] [mixin]: fancymenu_2.3.5_MC_1.12-1.12.2.jar has core plugin de.keksuccino.fancymenu.core.FMCore. Injecting it into FML for co-initialisation:
[13:55:37] [main/DEBUG] [FML]: Instantiating coremod class FMCore
[13:55:37] [main/WARN] [FML]: The coremod de.keksuccino.fancymenu.core.FMCore does not have a MCVersion annotation, it may cause issues with this version of Minecraft
[13:55:37] [main/WARN] [FML]: The coremod FMCore (de.keksuccino.fancymenu.core.FMCore) is not signed!
[13:55:37] [main/INFO] [STDOUT]: [de.keksuccino.fancymenu.core.FMCore:<init>:15]: [FANCYMENU] LOADING CORE PLUGIN!
[13:55:37] [main/DEBUG] [FML]: Enqueued coremod FMCore
[13:55:37] [main/DEBUG] [mixin]: MixinPlatformAgentFMLLegacy accepted container ContainerHandleURI(file:/Users/tristanpoland/Library/Application%20Support/gdlauncher_next/instances/Cruel-World-Survival-Cruel-World-War/mods/fancymenu_2.3.5_MC_1.12-1.12.2.jar)
[13:55:37] [main/DEBUG] [mixin]: Instancing new MixinPlatformAgentLiteLoaderLegacy for ContainerHandleURI(file:/Users/tristanpoland/Library/Application%20Support/gdlauncher_next/instances/Cruel-World-Survival-Cruel-World-War/mods/fancymenu_2.3.5_MC_1.12-1.12.2.jar)
[13:55:37] [main/DEBUG] [mixin]: MixinPlatformAgentLiteLoaderLegacy rejected container ContainerHandleURI(file:/Users/tristanpoland/Library/Application%20Support/gdlauncher_next/instances/Cruel-World-Survival-Cruel-World-War/mods/fancymenu_2.3.5_MC_1.12-1.12.2.jar)
[13:55:37] [main/DEBUG] [mixin]: Instancing new MixinPlatformAgentDefault for ContainerHandleURI(file:/Users/tristanpoland/Library/Application%20Support/gdlauncher_next/instances/Cruel-World-Survival-Cruel-World-War/mods/fancymenu_2.3.5_MC_1.12-1.12.2.jar)
[13:55:37] [main/DEBUG] [mixin]: MixinPlatformAgentDefault accepted container ContainerHandleURI(file:/Users/tristanpoland/Library/Application%20Support/gdlauncher_next/instances/Cruel-World-Survival-Cruel-World-War/mods/fancymenu_2.3.5_MC_1.12-1.12.2.jar)
[13:55:37] [main/DEBUG] [mixin]: Adding agents for Mixin Container ContainerHandleURI(file:/Users/tristanpoland/Library/Application%20Support/gdlauncher_next/instances/Cruel-World-Survival-Cruel-World-War/mods/konkrete_1.3.0_MC_1.12-1.12.2.jar)
[13:55:37] [main/DEBUG] [mixin]: Adding mixin platform agents for container ContainerHandleURI(file:/Users/tristanpoland/Library/Application%20Support/gdlauncher_next/instances/Cruel-World-Survival-Cruel-World-War/mods/konkrete_1.3.0_MC_1.12-1.12.2.jar)
[13:55:37] [main/DEBUG] [mixin]: Instancing new MixinPlatformAgentFMLLegacy for ContainerHandleURI(file:/Users/tristanpoland/Library/Application%20Support/gdlauncher_next/instances/Cruel-World-Survival-Cruel-World-War/mods/konkrete_1.3.0_MC_1.12-1.12.2.jar)
[13:55:37] [main/DEBUG] [mixin]: ForceLoadAsMod was specified for konkrete_1.3.0_MC_1.12-1.12.2.jar, attempting force-load
[13:55:37] [main/DEBUG] [mixin]: Adding konkrete_1.3.0_MC_1.12-1.12.2.jar to reparseable coremod collection
[13:55:37] [main/DEBUG] [mixin]: konkrete_1.3.0_MC_1.12-1.12.2.jar has core plugin de.keksuccino.konkrete.core.KonkreteCore. Injecting it into FML for co-initialisation:
[13:55:37] [main/DEBUG] [FML]: Instantiating coremod class KonkreteCore
[13:55:37] [main/WARN] [FML]: The coremod de.keksuccino.konkrete.core.KonkreteCore does not have a MCVersion annotation, it may cause issues with this version of Minecraft
[13:55:37] [main/WARN] [FML]: The coremod KonkreteCore (de.keksuccino.konkrete.core.KonkreteCore) is not signed!
[13:55:37] [main/INFO] [STDOUT]: [de.keksuccino.konkrete.core.KonkreteCore:<init>:14]: [KONKRETE] LOADING CORE PLUGIN!
[13:55:37] [main/DEBUG] [mixin]: Preparing mixins for MixinEnvironment[PREINIT]
[13:55:37] [main/INFO] [STDOUT]: [de.keksuccino.konkrete.core.MixinConfigLoader:loadConfigs:29]: [KONKRETE] Loading Mixin Config: fancymenu.general.mixin.json
[13:55:37] [main/INFO] [mixin]: Compatibility level set to JAVA_8
[13:55:37] [main/DEBUG] [FML]: Enqueued coremod KonkreteCore
[13:55:37] [main/DEBUG] [mixin]: MixinPlatformAgentFMLLegacy accepted container ContainerHandleURI(file:/Users/tristanpoland/Library/Application%20Support/gdlauncher_next/instances/Cruel-World-Survival-Cruel-World-War/mods/konkrete_1.3.0_MC_1.12-1.12.2.jar)
[13:55:37] [main/DEBUG] [mixin]: Instancing new MixinPlatformAgentLiteLoaderLegacy for ContainerHandleURI(file:/Users/tristanpoland/Library/Application%20Support/gdlauncher_next/instances/Cruel-World-Survival-Cruel-World-War/mods/konkrete_1.3.0_MC_1.12-1.12.2.jar)
[13:55:37] [main/DEBUG] [mixin]: MixinPlatformAgentLiteLoaderLegacy rejected container ContainerHandleURI(file:/Users/tristanpoland/Library/Application%20Support/gdlauncher_next/instances/Cruel-World-Survival-Cruel-World-War/mods/konkrete_1.3.0_MC_1.12-1.12.2.jar)
[13:55:37] [main/DEBUG] [mixin]: Instancing new MixinPlatformAgentDefault for ContainerHandleURI(file:/Users/tristanpoland/Library/Application%20Support/gdlauncher_next/instances/Cruel-World-Survival-Cruel-World-War/mods/konkrete_1.3.0_MC_1.12-1.12.2.jar)
[13:55:37] [main/DEBUG] [mixin]: MixinPlatformAgentDefault accepted container ContainerHandleURI(file:/Users/tristanpoland/Library/Application%20Support/gdlauncher_next/instances/Cruel-World-Survival-Cruel-World-War/mods/konkrete_1.3.0_MC_1.12-1.12.2.jar)
[13:55:37] [main/DEBUG] [mixin]: Adding agents for Mixin Container ContainerHandleURI(file:/Users/tristanpoland/Library/Application%20Support/gdlauncher_next/instances/Cruel-World-Survival-Cruel-World-War/mods/movingworld-1.12-6.353-full.jar)
[13:55:37] [main/DEBUG] [mixin]: Adding mixin platform agents for container ContainerHandleURI(file:/Users/tristanpoland/Library/Application%20Support/gdlauncher_next/instances/Cruel-World-Survival-Cruel-World-War/mods/movingworld-1.12-6.353-full.jar)
[13:55:37] [main/DEBUG] [mixin]: Instancing new MixinPlatformAgentFMLLegacy for ContainerHandleURI(file:/Users/tristanpoland/Library/Application%20Support/gdlauncher_next/instances/Cruel-World-Survival-Cruel-World-War/mods/movingworld-1.12-6.353-full.jar)
[13:55:37] [main/DEBUG] [mixin]: ForceLoadAsMod was specified for movingworld-1.12-6.353-full.jar, attempting force-load
[13:55:37] [main/DEBUG] [mixin]: Adding movingworld-1.12-6.353-full.jar to reparseable coremod collection
[13:55:37] [main/DEBUG] [mixin]: movingworld-1.12-6.353-full.jar has core plugin com.elytradev.movingworld.common.asm.coremod.MovingWorldCoreMod. Injecting it into FML for co-initialisation:
[13:55:37] [main/DEBUG] [FML]: Instantiating coremod class MovingWorldCoreMod
[13:55:37] [main/TRACE] [FML]: coremod named MovingWorldCore is loading
[13:55:37] [main/WARN] [FML]: The coremod com.elytradev.movingworld.common.asm.coremod.MovingWorldCoreMod does not have a MCVersion annotation, it may cause issues with this version of Minecraft
[13:55:37] [main/WARN] [FML]: The coremod MovingWorldCore (com.elytradev.movingworld.common.asm.coremod.MovingWorldCoreMod) is not signed!
[13:55:37] [main/ERROR] [mixin]: Mixin config mixins.movingworld.json does not specify "minVersion" property
[13:55:37] [main/DEBUG] [FML]: Enqueued coremod MovingWorldCore
[13:55:37] [main/DEBUG] [mixin]: MixinPlatformAgentFMLLegacy accepted container ContainerHandleURI(file:/Users/tristanpoland/Library/Application%20Support/gdlauncher_next/instances/Cruel-World-Survival-Cruel-World-War/mods/movingworld-1.12-6.353-full.jar)
[13:55:37] [main/DEBUG] [mixin]: Instancing new MixinPlatformAgentLiteLoaderLegacy for ContainerHandleURI(file:/Users/tristanpoland/Library/Application%20Support/gdlauncher_next/instances/Cruel-World-Survival-Cruel-World-War/mods/movingworld-1.12-6.353-full.jar)
[13:55:37] [main/DEBUG] [mixin]: MixinPlatformAgentLiteLoaderLegacy rejected container ContainerHandleURI(file:/Users/tristanpoland/Library/Application%20Support/gdlauncher_next/instances/Cruel-World-Survival-Cruel-World-War/mods/movingworld-1.12-6.353-full.jar)
[13:55:37] [main/DEBUG] [mixin]: Instancing new MixinPlatformAgentDefault for ContainerHandleURI(file:/Users/tristanpoland/Library/Application%20Support/gdlauncher_next/instances/Cruel-World-Survival-Cruel-World-War/mods/movingworld-1.12-6.353-full.jar)
[13:55:37] [main/DEBUG] [mixin]: MixinPlatformAgentDefault accepted container ContainerHandleURI(file:/Users/tristanpoland/Library/Application%20Support/gdlauncher_next/instances/Cruel-World-Survival-Cruel-World-War/mods/movingworld-1.12-6.353-full.jar)
[13:55:37] [main/DEBUG] [mixin]: Adding agents for Mixin Container ContainerHandleURI(file:/Users/tristanpoland/Library/Application%20Support/gdlauncher_next/instances/Cruel-World-Survival-Cruel-World-War/mods/particleculling-1.12.2-v1.2.jar)
[13:55:37] [main/DEBUG] [mixin]: Adding mixin platform agents for container ContainerHandleURI(file:/Users/tristanpoland/Library/Application%20Support/gdlauncher_next/instances/Cruel-World-Survival-Cruel-World-War/mods/particleculling-1.12.2-v1.2.jar)
[13:55:37] [main/DEBUG] [mixin]: Instancing new MixinPlatformAgentFMLLegacy for ContainerHandleURI(file:/Users/tristanpoland/Library/Application%20Support/gdlauncher_next/instances/Cruel-World-Survival-Cruel-World-War/mods/particleculling-1.12.2-v1.2.jar)
[13:55:37] [main/DEBUG] [mixin]: ForceLoadAsMod was specified for particleculling-1.12.2-v1.2.jar, attempting force-load
[13:55:37] [main/DEBUG] [mixin]: Adding particleculling-1.12.2-v1.2.jar to reparseable coremod collection
[13:55:37] [main/DEBUG] [mixin]: particleculling-1.12.2-v1.2.jar has core plugin bl4ckscor3.mod.particleculling.ParticleCullingLoadingPlugin. Injecting it into FML for co-initialisation:
[13:55:37] [main/DEBUG] [FML]: Instantiating coremod class ParticleCullingLoadingPlugin
[13:55:37] [main/DEBUG] [FML]: The coremod bl4ckscor3.mod.particleculling.ParticleCullingLoadingPlugin requested minecraft version 1.12.2 and minecraft is 1.12.2. It will be loaded.
[13:55:37] [main/WARN] [FML]: The coremod ParticleCullingLoadingPlugin (bl4ckscor3.mod.particleculling.ParticleCullingLoadingPlugin) is not signed!
[13:55:37] [main/DEBUG] [FML]: Enqueued coremod ParticleCullingLoadingPlugin
[13:55:37] [main/DEBUG] [mixin]: MixinPlatformAgentFMLLegacy accepted container ContainerHandleURI(file:/Users/tristanpoland/Library/Application%20Support/gdlauncher_next/instances/Cruel-World-Survival-Cruel-World-War/mods/particleculling-1.12.2-v1.2.jar)
[13:55:37] [main/DEBUG] [mixin]: Instancing new MixinPlatformAgentLiteLoaderLegacy for ContainerHandleURI(file:/Users/tristanpoland/Library/Application%20Support/gdlauncher_next/instances/Cruel-World-Survival-Cruel-World-War/mods/particleculling-1.12.2-v1.2.jar)
[13:55:37] [main/DEBUG] [mixin]: MixinPlatformAgentLiteLoaderLegacy rejected container ContainerHandleURI(file:/Users/tristanpoland/Library/Application%20Support/gdlauncher_next/instances/Cruel-World-Survival-Cruel-World-War/mods/particleculling-1.12.2-v1.2.jar)
[13:55:37] [main/DEBUG] [mixin]: Instancing new MixinPlatformAgentDefault for ContainerHandleURI(file:/Users/tristanpoland/Library/Application%20Support/gdlauncher_next/instances/Cruel-World-Survival-Cruel-World-War/mods/particleculling-1.12.2-v1.2.jar)
[13:55:37] [main/DEBUG] [mixin]: MixinPlatformAgentDefault accepted container ContainerHandleURI(file:/Users/tristanpoland/Library/Application%20Support/gdlauncher_next/instances/Cruel-World-Survival-Cruel-World-War/mods/particleculling-1.12.2-v1.2.jar)
[13:55:37] [main/INFO] [LaunchWrapper]: Loading tweak class name guichaguri.betterfps.tweaker.BetterFpsTweaker
[13:55:37] [main/WARN] [LaunchWrapper]: Tweak class name org.spongepowered.asm.launch.MixinTweaker has already been visited -- skipping
[13:55:37] [main/WARN] [LaunchWrapper]: Tweak class name org.spongepowered.asm.launch.MixinTweaker has already been visited -- skipping
[13:55:37] [main/WARN] [LaunchWrapper]: Tweak class name org.spongepowered.asm.launch.MixinTweaker has already been visited -- skipping
[13:55:37] [main/INFO] [LaunchWrapper]: Loading tweak class name optifine.OptiFineForgeTweaker
[13:55:37] [main/WARN] [LaunchWrapper]: Tweak class name org.spongepowered.asm.launch.MixinTweaker has already been visited -- skipping
[13:55:37] [main/INFO] [LaunchWrapper]: Loading tweak class name net.minecraftforge.fml.common.launcher.FMLDeobfTweaker
[13:55:37] [main/INFO] [LaunchWrapper]: Calling tweak class net.minecraftforge.fml.common.launcher.FMLInjectionAndSortingTweaker
[13:55:37] [main/INFO] [LaunchWrapper]: Calling tweak class net.minecraftforge.fml.common.launcher.FMLInjectionAndSortingTweaker
[13:55:37] [main/INFO] [LaunchWrapper]: Calling tweak class optifine.OptiFineForgeTweaker
[13:55:37] [main/INFO] [STDOUT]: [optifine.OptiFineForgeTweaker:dbg:56]: OptiFineForgeTweaker: acceptOptions
[13:55:37] [main/INFO] [STDOUT]: [optifine.OptiFineForgeTweaker:dbg:56]: OptiFineForgeTweaker: injectIntoClassLoader
[13:55:37] [main/INFO] [STDOUT]: [optifine.OptiFineClassTransformer:dbg:242]: OptiFine ClassTransformer
[13:55:37] [main/INFO] [STDOUT]: [optifine.OptiFineClassTransformer:dbg:242]: OptiFine ZIP file: /Users/tristanpoland/Library/Application Support/gdlauncher_next/instances/Cruel-World-Survival-Cruel-World-War/mods/OptiFine_1.12.2_HD_U_G5.jar
[13:55:37] [main/INFO] [LaunchWrapper]: Calling tweak class net.minecraftforge.fml.relauncher.CoreModManager$FMLPluginWrapper
[13:55:37] [main/DEBUG] [FML]: Injecting coremod FMLCorePlugin \{net.minecraftforge.fml.relauncher.FMLCorePlugin\} class transformers
[13:55:37] [main/TRACE] [FML]: Registering transformer net.minecraftforge.fml.common.asm.transformers.SideTransformer
[13:55:37] [main/DEBUG] [mixin]: Checking for additional mixins for MixinEnvironment[PREINIT]
[13:55:37] [main/TRACE] [FML]: Registering transformer net.minecraftforge.fml.common.asm.transformers.EventSubscriptionTransformer
[13:55:37] [main/TRACE] [FML]: Registering transformer net.minecraftforge.fml.common.asm.transformers.EventSubscriberTransformer
[13:55:37] [main/TRACE] [FML]: Registering transformer net.minecraftforge.fml.common.asm.transformers.SoundEngineFixTransformer
[13:55:37] [main/DEBUG] [FML]: Injection complete
[13:55:37] [main/DEBUG] [FML]: Running coremod plugin for FMLCorePlugin \{net.minecraftforge.fml.relauncher.FMLCorePlugin\}
[13:55:37] [main/DEBUG] [FML]: Running coremod plugin FMLCorePlugin
