[13:55:36] [main/INFO] [LaunchWrapper]: Loading tweak class name net.minecraftforge.fml.common.launcher.FMLTweaker
[13:55:36] [main/INFO] [LaunchWrapper]: Using primary tweak class name net.minecraftforge.fml.common.launcher.FMLTweaker
[13:55:36] [main/INFO] [LaunchWrapper]: Calling tweak class net.minecraftforge.fml.common.launcher.FMLTweaker
[13:55:36] [main/INFO] [FML]: Forge Mod Loader version 14.23.5.2860 for Minecraft 1.12.2 loading
[13:55:36] [main/INFO] [FML]: Java is OpenJDK 64-Bit Server VM, version 1.8.0_242, running on Mac OS X:x86_64:10.16, installed at /Users/tristanpoland/Library/Application Support/gdlauncher_next/java/8u242-b08
[13:55:36] [main/INFO] [FML]: Searching /Users/tristanpoland/Library/Application Support/gdlauncher_next/instances/Cruel-World-Survival-Cruel-World-War/mods for mods
[13:55:36] [main/INFO] [FML]: Loading tweaker org.spongepowered.asm.launch.MixinTweaker from _MixinBootstrap-1.1.0.jar
[13:55:36] [main/INFO] [FML]: Loading tweaker guichaguri.betterfps.tweaker.BetterFpsTweaker from BetterFps-1.4.8.jar
[13:55:36] [main/WARN] [FML]: Found FMLCorePluginContainsFMLMod marker in CreativeCore_v1.10.65_mc1.12.2.jar. This is not recommended, @Mods should be in a separate jar from the coremod.
[13:55:36] [main/WARN] [FML]: The coremod com.creativemd.creativecore.core.CreativePatchingLoader does not have a MCVersion annotation, it may cause issues with this version of Minecraft
[13:55:36] [main/WARN] [FML]: The coremod CreativePatchingLoader (com.creativemd.creativecore.core.CreativePatchingLoader) is not signed!
[13:55:36] [main/WARN] [FML]: Found FMLCorePluginContainsFMLMod marker in EntityCulling-1.12.2-4.1.5.jar. This is not recommended, @Mods should be in a separate jar from the coremod.
[13:55:36] [main/WARN] [FML]: The coremod EntityCullingPlugin (meldexun.entityculling.plugin.EntityCullingPlugin) is not signed!
[13:55:36] [main/INFO] [FML]: Loading tweaker org.spongepowered.asm.launch.MixinTweaker from fancymenu_2.3.5_MC_1.12-1.12.2.jar
[13:55:36] [main/INFO] [FML]: Loading tweaker org.spongepowered.asm.launch.MixinTweaker from konkrete_1.3.0_MC_1.12-1.12.2.jar
[13:55:36] [main/WARN] [FML]: Found FMLCorePluginContainsFMLMod marker in LittleTiles_v1.5.34_mc1.12.2.jar. This is not recommended, @Mods should be in a separate jar from the coremod.
[13:55:36] [main/WARN] [FML]: The coremod com.creativemd.littletiles.LittlePatchingLoader does not have a MCVersion annotation, it may cause issues with this version of Minecraft
[13:55:36] [main/WARN] [FML]: The coremod LittlePatchingLoader (com.creativemd.littletiles.LittlePatchingLoader) is not signed!
[13:55:36] [main/INFO] [FML]: Loading tweaker org.spongepowered.asm.launch.MixinTweaker from movingworld-1.12-6.353-full.jar
[13:55:36] [main/INFO] [FML]: Loading tweaker optifine.OptiFineForgeTweaker from OptiFine_1.12.2_HD_U_G5.jar
[13:55:36] [main/INFO] [FML]: Loading tweaker org.spongepowered.asm.launch.MixinTweaker from particleculling-1.12.2-v1.2.jar
[13:55:36] [main/WARN] [FML]: Found FMLCorePluginContainsFMLMod marker in Xaeros_Minimap_21.20.0_Forge_1.12.jar. This is not recommended, @Mods should be in a separate jar from the coremod.
[13:55:36] [main/WARN] [FML]: The coremod XaeroMinimapPlugin (xaero.common.core.XaeroMinimapPlugin) is not signed!
[13:55:36] [main/WARN] [FML]: Found FMLCorePluginContainsFMLMod marker in XaerosWorldMap_1.18.0_Forge_1.12.jar. This is not recommended, @Mods should be in a separate jar from the coremod.
[13:55:36] [main/WARN] [FML]: The coremod XaeroWorldMapPlugin (xaero.map.core.XaeroWorldMapPlugin) is not signed!
[13:55:36] [main/WARN] [FML]: The coremod blusunrize.immersiveengineering.common.asm.IELoadingPlugin does not have a MCVersion annotation, it may cause issues with this version of Minecraft
[13:55:36] [main/WARN] [FML]: The coremod IELoadingPlugin (blusunrize.immersiveengineering.common.asm.IELoadingPlugin) is not signed!
[13:55:36] [main/INFO] [LaunchWrapper]: Loading tweak class name net.minecraftforge.fml.common.launcher.FMLInjectionAndSortingTweaker
[13:55:36] [main/INFO] [LaunchWrapper]: Loading tweak class name org.spongepowered.asm.launch.MixinTweaker
[13:55:36] [main/INFO] [mixin]: SpongePowered MIXIN Subsystem Version=0.8.4 Source=file:/Users/tristanpoland/Library/Application%20Support/gdlauncher_next/instances/Cruel-World-Survival-Cruel-World-War/mods/_MixinBootstrap-1.1.0.jar Service=LaunchWrapper Env=CLIENT
[13:55:37] [main/WARN] [FML]: The coremod de.keksuccino.fancymenu.core.FMCore does not have a MCVersion annotation, it may cause issues with this version of Minecraft
[13:55:37] [main/WARN] [FML]: The coremod FMCore (de.keksuccino.fancymenu.core.FMCore) is not signed!
[13:55:37] [main/INFO] [STDOUT]: [de.keksuccino.fancymenu.core.FMCore:<init>:15]: [FANCYMENU] LOADING CORE PLUGIN!
[13:55:37] [main/WARN] [FML]: The coremod de.keksuccino.konkrete.core.KonkreteCore does not have a MCVersion annotation, it may cause issues with this version of Minecraft
[13:55:37] [main/WARN] [FML]: The coremod KonkreteCore (de.keksuccino.konkrete.core.KonkreteCore) is not signed!
[13:55:37] [main/INFO] [STDOUT]: [de.keksuccino.konkrete.core.KonkreteCore:<init>:14]: [KONKRETE] LOADING CORE PLUGIN!
[13:55:37] [main/INFO] [STDOUT]: [de.keksuccino.konkrete.core.MixinConfigLoader:loadConfigs:29]: [KONKRETE] Loading Mixin Config: fancymenu.general.mixin.json
[13:55:37] [main/INFO] [mixin]: Compatibility level set to JAVA_8
[13:55:37] [main/WARN] [FML]: The coremod com.elytradev.movingworld.common.asm.coremod.MovingWorldCoreMod does not have a MCVersion annotation, it may cause issues with this version of Minecraft
[13:55:37] [main/WARN] [FML]: The coremod MovingWorldCore (com.elytradev.movingworld.common.asm.coremod.MovingWorldCoreMod) is not signed!
[13:55:37] [main/ERROR] [mixin]: Mixin config mixins.movingworld.json does not specify "minVersion" property
[13:55:37] [main/WARN] [FML]: The coremod ParticleCullingLoadingPlugin (bl4ckscor3.mod.particleculling.ParticleCullingLoadingPlugin) is not signed!
[13:55:37] [main/INFO] [LaunchWrapper]: Loading tweak class name guichaguri.betterfps.tweaker.BetterFpsTweaker
[13:55:37] [main/WARN] [LaunchWrapper]: Tweak class name org.spongepowered.asm.launch.MixinTweaker has already been visited -- skipping
[13:55:37] [main/WARN] [LaunchWrapper]: Tweak class name org.spongepowered.asm.launch.MixinTweaker has already been visited -- skipping
[13:55:37] [main/WARN] [LaunchWrapper]: Tweak class name org.spongepowered.asm.launch.MixinTweaker has already been visited -- skipping
[13:55:37] [main/INFO] [LaunchWrapper]: Loading tweak class name optifine.OptiFineForgeTweaker
[13:55:37] [main/WARN] [LaunchWrapper]: Tweak class name org.spongepowered.asm.launch.MixinTweaker has already been visited -- skipping
[13:55:37] [main/INFO] [LaunchWrapper]: Loading tweak class name net.minecraftforge.fml.common.launcher.FMLDeobfTweaker
[13:55:37] [main/INFO] [LaunchWrapper]: Calling tweak class net.minecraftforge.fml.common.launcher.FMLInjectionAndSortingTweaker
[13:55:37] [main/INFO] [LaunchWrapper]: Calling tweak class net.minecraftforge.fml.common.launcher.FMLInjectionAndSortingTweaker
[13:55:37] [main/INFO] [LaunchWrapper]: Calling tweak class optifine.OptiFineForgeTweaker
[13:55:37] [main/INFO] [STDOUT]: [optifine.OptiFineForgeTweaker:dbg:56]: OptiFineForgeTweaker: acceptOptions
[13:55:37] [main/INFO] [STDOUT]: [optifine.OptiFineForgeTweaker:dbg:56]: OptiFineForgeTweaker: injectIntoClassLoader
[13:55:37] [main/INFO] [STDOUT]: [optifine.OptiFineClassTransformer:dbg:242]: OptiFine ClassTransformer
[13:55:37] [main/INFO] [STDOUT]: [optifine.OptiFineClassTransformer:dbg:242]: OptiFine ZIP file: /Users/tristanpoland/Library/Application Support/gdlauncher_next/instances/Cruel-World-Survival-Cruel-World-War/mods/OptiFine_1.12.2_HD_U_G5.jar
[13:55:37] [main/INFO] [LaunchWrapper]: Calling tweak class net.minecraftforge.fml.relauncher.CoreModManager$FMLPluginWrapper
